{"/Users/pmelegatti/Documents/Niloft/melegattipGitHub/financial-resume-engine-frontend/src/App.js": {"path":"/Users/pmelegatti/Documents/Niloft/melegattipGitHub/financial-resume-engine-frontend/src/App.js","statementMap":{"0":{"start":{"line":8,"column":18},"end":{"line":8,"column":57}},"1":{"start":{"line":8,"column":29},"end":{"line":8,"column":56}},"2":{"start":{"line":9,"column":17},"end":{"line":9,"column":55}},"3":{"start":{"line":9,"column":28},"end":{"line":9,"column":54}},"4":{"start":{"line":10,"column":16},"end":{"line":10,"column":53}},"5":{"start":{"line":10,"column":27},"end":{"line":10,"column":52}},"6":{"start":{"line":11,"column":16},"end":{"line":11,"column":53}},"7":{"start":{"line":11,"column":27},"end":{"line":11,"column":52}},"8":{"start":{"line":12,"column":19},"end":{"line":12,"column":59}},"9":{"start":{"line":12,"column":30},"end":{"line":12,"column":58}},"10":{"start":{"line":13,"column":17},"end":{"line":13,"column":55}},"11":{"start":{"line":13,"column":28},"end":{"line":13,"column":54}},"12":{"start":{"line":16,"column":19},"end":{"line":23,"column":1}},"13":{"start":{"line":17,"column":2},"end":{"line":22,"column":8}},"14":{"start":{"line":27,"column":44},"end":{"line":27,"column":65}},"15":{"start":{"line":29,"column":24},"end":{"line":31,"column":8}},"16":{"start":{"line":30,"column":4},"end":{"line":30,"column":36}},"17":{"start":{"line":30,"column":29},"end":{"line":30,"column":34}},"18":{"start":{"line":33,"column":23},"end":{"line":35,"column":8}},"19":{"start":{"line":34,"column":4},"end":{"line":34,"column":28}},"20":{"start":{"line":37,"column":2},"end":{"line":37,"column":56}},"21":{"start":{"line":41,"column":57},"end":{"line":41,"column":69}},"22":{"start":{"line":43,"column":2},"end":{"line":113,"column":4}}},"fnMap":{"0":{"name":"(anonymous_0)","decl":{"start":{"line":8,"column":23},"end":{"line":8,"column":24}},"loc":{"start":{"line":8,"column":29},"end":{"line":8,"column":56}},"line":8},"1":{"name":"(anonymous_1)","decl":{"start":{"line":9,"column":22},"end":{"line":9,"column":23}},"loc":{"start":{"line":9,"column":28},"end":{"line":9,"column":54}},"line":9},"2":{"name":"(anonymous_2)","decl":{"start":{"line":10,"column":21},"end":{"line":10,"column":22}},"loc":{"start":{"line":10,"column":27},"end":{"line":10,"column":52}},"line":10},"3":{"name":"(anonymous_3)","decl":{"start":{"line":11,"column":21},"end":{"line":11,"column":22}},"loc":{"start":{"line":11,"column":27},"end":{"line":11,"column":52}},"line":11},"4":{"name":"(anonymous_4)","decl":{"start":{"line":12,"column":24},"end":{"line":12,"column":25}},"loc":{"start":{"line":12,"column":30},"end":{"line":12,"column":58}},"line":12},"5":{"name":"(anonymous_5)","decl":{"start":{"line":13,"column":22},"end":{"line":13,"column":23}},"loc":{"start":{"line":13,"column":28},"end":{"line":13,"column":54}},"line":13},"6":{"name":"(anonymous_6)","decl":{"start":{"line":16,"column":19},"end":{"line":16,"column":20}},"loc":{"start":{"line":17,"column":2},"end":{"line":22,"column":8}},"line":17},"7":{"name":"useSidebar","decl":{"start":{"line":26,"column":9},"end":{"line":26,"column":19}},"loc":{"start":{"line":26,"column":22},"end":{"line":38,"column":1}},"line":26},"8":{"name":"(anonymous_8)","decl":{"start":{"line":29,"column":42},"end":{"line":29,"column":43}},"loc":{"start":{"line":29,"column":48},"end":{"line":31,"column":3}},"line":29},"9":{"name":"(anonymous_9)","decl":{"start":{"line":30,"column":21},"end":{"line":30,"column":22}},"loc":{"start":{"line":30,"column":29},"end":{"line":30,"column":34}},"line":30},"10":{"name":"(anonymous_10)","decl":{"start":{"line":33,"column":41},"end":{"line":33,"column":42}},"loc":{"start":{"line":33,"column":47},"end":{"line":35,"column":3}},"line":33},"11":{"name":"App","decl":{"start":{"line":40,"column":9},"end":{"line":40,"column":12}},"loc":{"start":{"line":40,"column":15},"end":{"line":114,"column":1}},"line":40}},"branchMap":{"0":{"loc":{"start":{"line":52,"column":9},"end":{"line":57,"column":9}},"type":"binary-expr","locations":[{"start":{"line":52,"column":9},"end":{"line":52,"column":22}},{"start":{"line":53,"column":10},"end":{"line":56,"column":12}}],"line":52},"1":{"loc":{"start":{"line":62,"column":12},"end":{"line":62,"column":65}},"type":"cond-expr","locations":[{"start":{"line":62,"column":28},"end":{"line":62,"column":43}},{"start":{"line":62,"column":46},"end":{"line":62,"column":65}}],"line":62}},"s":{"0":0,"1":0,"2":0,"3":0,"4":0,"5":0,"6":0,"7":0,"8":0,"9":0,"10":0,"11":0,"12":0,"13":0,"14":0,"15":0,"16":0,"17":0,"18":0,"19":0,"20":0,"21":0,"22":0},"f":{"0":0,"1":0,"2":0,"3":0,"4":0,"5":0,"6":0,"7":0,"8":0,"9":0,"10":0,"11":0},"b":{"0":[0,0],"1":[0,0]}}
,"/Users/pmelegatti/Documents/Niloft/melegattipGitHub/financial-resume-engine-frontend/src/App.jsx": {"path":"/Users/pmelegatti/Documents/Niloft/melegattipGitHub/financial-resume-engine-frontend/src/App.jsx","statementMap":{"0":{"start":{"line":14,"column":40},"end":{"line":14,"column":55}},"1":{"start":{"line":16,"column":23},"end":{"line":26,"column":3}},"2":{"start":{"line":17,"column":19},"end":{"line":24,"column":5}},"3":{"start":{"line":25,"column":4},"end":{"line":25,"column":69}},"4":{"start":{"line":28,"column":2},"end":{"line":96,"column":4}},"5":{"start":{"line":40,"column":27},"end":{"line":40,"column":48}},"6":{"start":{"line":51,"column":37},"end":{"line":51,"column":65}}},"fnMap":{"0":{"name":"App","decl":{"start":{"line":13,"column":9},"end":{"line":13,"column":12}},"loc":{"start":{"line":13,"column":15},"end":{"line":97,"column":1}},"line":13},"1":{"name":"(anonymous_1)","decl":{"start":{"line":16,"column":23},"end":{"line":16,"column":24}},"loc":{"start":{"line":16,"column":37},"end":{"line":26,"column":3}},"line":16},"2":{"name":"(anonymous_2)","decl":{"start":{"line":40,"column":21},"end":{"line":40,"column":22}},"loc":{"start":{"line":40,"column":27},"end":{"line":40,"column":48}},"line":40},"3":{"name":"(anonymous_3)","decl":{"start":{"line":51,"column":31},"end":{"line":51,"column":32}},"loc":{"start":{"line":51,"column":37},"end":{"line":51,"column":65}},"line":51}},"branchMap":{"0":{"loc":{"start":{"line":25,"column":11},"end":{"line":25,"column":68}},"type":"binary-expr","locations":[{"start":{"line":25,"column":11},"end":{"line":25,"column":27}},{"start":{"line":25,"column":31},"end":{"line":25,"column":68}}],"line":25},"1":{"loc":{"start":{"line":32,"column":27},"end":{"line":32,"column":59}},"type":"cond-expr","locations":[{"start":{"line":32,"column":41},"end":{"line":32,"column":48}},{"start":{"line":32,"column":51},"end":{"line":32,"column":59}}],"line":32},"2":{"loc":{"start":{"line":37,"column":9},"end":{"line":42,"column":9}},"type":"binary-expr","locations":[{"start":{"line":37,"column":9},"end":{"line":37,"column":20}},{"start":{"line":38,"column":10},"end":{"line":41,"column":12}}],"line":37}},"s":{"0":0,"1":0,"2":0,"3":0,"4":0,"5":0,"6":0},"f":{"0":0,"1":0,"2":0,"3":0},"b":{"0":[0,0],"1":[0,0],"2":[0,0]}}
,"/Users/pmelegatti/Documents/Niloft/melegattipGitHub/financial-resume-engine-frontend/src/components/Accessibility/AccessibleModal.jsx": {"path":"/Users/pmelegatti/Documents/Niloft/melegattipGitHub/financial-resume-engine-frontend/src/components/Accessibility/AccessibleModal.jsx","statementMap":{"0":{"start":{"line":5,"column":24},"end":{"line":125,"column":1}},"1":{"start":{"line":15,"column":19},"end":{"line":15,"column":31}},"2":{"start":{"line":16,"column":21},"end":{"line":16,"column":33}},"3":{"start":{"line":19,"column":2},"end":{"line":26,"column":15}},"4":{"start":{"line":20,"column":4},"end":{"line":25,"column":5}},"5":{"start":{"line":21,"column":6},"end":{"line":21,"column":46}},"6":{"start":{"line":22,"column":6},"end":{"line":24,"column":8}},"7":{"start":{"line":23,"column":8},"end":{"line":23,"column":46}},"8":{"start":{"line":29,"column":2},"end":{"line":40,"column":24}},"9":{"start":{"line":30,"column":26},"end":{"line":34,"column":5}},"10":{"start":{"line":31,"column":6},"end":{"line":33,"column":7}},"11":{"start":{"line":32,"column":8},"end":{"line":32,"column":18}},"12":{"start":{"line":36,"column":4},"end":{"line":39,"column":5}},"13":{"start":{"line":37,"column":6},"end":{"line":37,"column":58}},"14":{"start":{"line":38,"column":6},"end":{"line":38,"column":74}},"15":{"start":{"line":38,"column":19},"end":{"line":38,"column":73}},"16":{"start":{"line":42,"column":29},"end":{"line":46,"column":3}},"17":{"start":{"line":43,"column":4},"end":{"line":45,"column":5}},"18":{"start":{"line":44,"column":6},"end":{"line":44,"column":16}},"19":{"start":{"line":48,"column":22},"end":{"line":53,"column":3}},"20":{"start":{"line":55,"column":2},"end":{"line":55,"column":27}},"21":{"start":{"line":55,"column":15},"end":{"line":55,"column":27}},"22":{"start":{"line":57,"column":2},"end":{"line":124,"column":4}}},"fnMap":{"0":{"name":"(anonymous_0)","decl":{"start":{"line":5,"column":24},"end":{"line":5,"column":25}},"loc":{"start":{"line":14,"column":6},"end":{"line":125,"column":1}},"line":14},"1":{"name":"(anonymous_1)","decl":{"start":{"line":19,"column":12},"end":{"line":19,"column":13}},"loc":{"start":{"line":19,"column":18},"end":{"line":26,"column":3}},"line":19},"2":{"name":"(anonymous_2)","decl":{"start":{"line":22,"column":13},"end":{"line":22,"column":14}},"loc":{"start":{"line":22,"column":19},"end":{"line":24,"column":7}},"line":22},"3":{"name":"(anonymous_3)","decl":{"start":{"line":29,"column":12},"end":{"line":29,"column":13}},"loc":{"start":{"line":29,"column":18},"end":{"line":40,"column":3}},"line":29},"4":{"name":"(anonymous_4)","decl":{"start":{"line":30,"column":26},"end":{"line":30,"column":27}},"loc":{"start":{"line":30,"column":37},"end":{"line":34,"column":5}},"line":30},"5":{"name":"(anonymous_5)","decl":{"start":{"line":38,"column":13},"end":{"line":38,"column":14}},"loc":{"start":{"line":38,"column":19},"end":{"line":38,"column":73}},"line":38},"6":{"name":"(anonymous_6)","decl":{"start":{"line":42,"column":29},"end":{"line":42,"column":30}},"loc":{"start":{"line":42,"column":40},"end":{"line":46,"column":3}},"line":42}},"branchMap":{"0":{"loc":{"start":{"line":11,"column":2},"end":{"line":11,"column":17}},"type":"default-arg","locations":[{"start":{"line":11,"column":9},"end":{"line":11,"column":17}}],"line":11},"1":{"loc":{"start":{"line":12,"column":2},"end":{"line":12,"column":23}},"type":"default-arg","locations":[{"start":{"line":12,"column":19},"end":{"line":12,"column":23}}],"line":12},"2":{"loc":{"start":{"line":13,"column":2},"end":{"line":13,"column":16}},"type":"default-arg","locations":[{"start":{"line":13,"column":14},"end":{"line":13,"column":16}}],"line":13},"3":{"loc":{"start":{"line":20,"column":4},"end":{"line":25,"column":5}},"type":"if","locations":[{"start":{"line":20,"column":4},"end":{"line":25,"column":5}},{"start":{},"end":{}}],"line":20},"4":{"loc":{"start":{"line":31,"column":6},"end":{"line":33,"column":7}},"type":"if","locations":[{"start":{"line":31,"column":6},"end":{"line":33,"column":7}},{"start":{},"end":{}}],"line":31},"5":{"loc":{"start":{"line":31,"column":10},"end":{"line":31,"column":42}},"type":"binary-expr","locations":[{"start":{"line":31,"column":10},"end":{"line":31,"column":32}},{"start":{"line":31,"column":36},"end":{"line":31,"column":42}}],"line":31},"6":{"loc":{"start":{"line":36,"column":4},"end":{"line":39,"column":5}},"type":"if","locations":[{"start":{"line":36,"column":4},"end":{"line":39,"column":5}},{"start":{},"end":{}}],"line":36},"7":{"loc":{"start":{"line":43,"column":4},"end":{"line":45,"column":5}},"type":"if","locations":[{"start":{"line":43,"column":4},"end":{"line":45,"column":5}},{"start":{},"end":{}}],"line":43},"8":{"loc":{"start":{"line":43,"column":8},"end":{"line":43,"column":61}},"type":"binary-expr","locations":[{"start":{"line":43,"column":8},"end":{"line":43,"column":22}},{"start":{"line":43,"column":26},"end":{"line":43,"column":61}}],"line":43},"9":{"loc":{"start":{"line":55,"column":2},"end":{"line":55,"column":27}},"type":"if","locations":[{"start":{"line":55,"column":2},"end":{"line":55,"column":27}},{"start":{},"end":{}}],"line":55},"10":{"loc":{"start":{"line":68,"column":23},"end":{"line":68,"column":56}},"type":"cond-expr","locations":[{"start":{"line":68,"column":31},"end":{"line":68,"column":44}},{"start":{"line":68,"column":47},"end":{"line":68,"column":56}}],"line":68},"11":{"loc":{"start":{"line":69,"column":24},"end":{"line":69,"column":69}},"type":"cond-expr","locations":[{"start":{"line":69,"column":38},"end":{"line":69,"column":57}},{"start":{"line":69,"column":60},"end":{"line":69,"column":69}}],"line":69},"12":{"loc":{"start":{"line":86,"column":15},"end":{"line":93,"column":15}},"type":"binary-expr","locations":[{"start":{"line":86,"column":15},"end":{"line":86,"column":20}},{"start":{"line":87,"column":16},"end":{"line":92,"column":21}}],"line":86},"13":{"loc":{"start":{"line":94,"column":15},"end":{"line":101,"column":15}},"type":"binary-expr","locations":[{"start":{"line":94,"column":15},"end":{"line":94,"column":26}},{"start":{"line":95,"column":16},"end":{"line":100,"column":20}}],"line":94}},"s":{"0":0,"1":0,"2":0,"3":0,"4":0,"5":0,"6":0,"7":0,"8":0,"9":0,"10":0,"11":0,"12":0,"13":0,"14":0,"15":0,"16":0,"17":0,"18":0,"19":0,"20":0,"21":0,"22":0},"f":{"0":0,"1":0,"2":0,"3":0,"4":0,"5":0,"6":0},"b":{"0":[0],"1":[0],"2":[0],"3":[0,0],"4":[0,0],"5":[0,0],"6":[0,0],"7":[0,0],"8":[0,0],"9":[0,0],"10":[0,0],"11":[0,0],"12":[0,0],"13":[0,0]}}
,"/Users/pmelegatti/Documents/Niloft/melegattipGitHub/financial-resume-engine-frontend/src/components/Accessibility/FocusManager.jsx": {"path":"/Users/pmelegatti/Documents/Niloft/melegattipGitHub/financial-resume-engine-frontend/src/components/Accessibility/FocusManager.jsx","statementMap":{"0":{"start":{"line":6,"column":28},"end":{"line":88,"column":1}},"1":{"start":{"line":7,"column":23},"end":{"line":7,"column":35}},"2":{"start":{"line":8,"column":32},"end":{"line":8,"column":44}},"3":{"start":{"line":11,"column":28},"end":{"line":19,"column":14}},"4":{"start":{"line":21,"column":31},"end":{"line":24,"column":25}},"5":{"start":{"line":22,"column":4},"end":{"line":22,"column":41}},"6":{"start":{"line":22,"column":31},"end":{"line":22,"column":41}},"7":{"start":{"line":23,"column":4},"end":{"line":23,"column":80}},"8":{"start":{"line":26,"column":24},"end":{"line":53,"column":39}},"9":{"start":{"line":27,"column":4},"end":{"line":27,"column":27}},"10":{"start":{"line":27,"column":20},"end":{"line":27,"column":27}},"11":{"start":{"line":29,"column":30},"end":{"line":29,"column":52}},"12":{"start":{"line":30,"column":25},"end":{"line":30,"column":45}},"13":{"start":{"line":31,"column":24},"end":{"line":31,"column":71}},"14":{"start":{"line":33,"column":4},"end":{"line":47,"column":5}},"15":{"start":{"line":34,"column":6},"end":{"line":46,"column":7}},"16":{"start":{"line":36,"column":8},"end":{"line":39,"column":9}},"17":{"start":{"line":37,"column":10},"end":{"line":37,"column":33}},"18":{"start":{"line":38,"column":10},"end":{"line":38,"column":31}},"19":{"start":{"line":42,"column":8},"end":{"line":45,"column":9}},"20":{"start":{"line":43,"column":10},"end":{"line":43,"column":33}},"21":{"start":{"line":44,"column":10},"end":{"line":44,"column":32}},"22":{"start":{"line":49,"column":4},"end":{"line":52,"column":5}},"23":{"start":{"line":51,"column":6},"end":{"line":51,"column":45}},"24":{"start":{"line":55,"column":2},"end":{"line":81,"column":69}},"25":{"start":{"line":56,"column":22},"end":{"line":56,"column":42}},"26":{"start":{"line":57,"column":4},"end":{"line":57,"column":27}},"27":{"start":{"line":57,"column":20},"end":{"line":57,"column":27}},"28":{"start":{"line":60,"column":4},"end":{"line":62,"column":5}},"29":{"start":{"line":61,"column":6},"end":{"line":61,"column":61}},"30":{"start":{"line":65,"column":4},"end":{"line":68,"column":5}},"31":{"start":{"line":66,"column":32},"end":{"line":66,"column":54}},"32":{"start":{"line":67,"column":6},"end":{"line":67,"column":36}},"33":{"start":{"line":71,"column":4},"end":{"line":71,"column":57}},"34":{"start":{"line":73,"column":4},"end":{"line":80,"column":6}},"35":{"start":{"line":74,"column":6},"end":{"line":74,"column":62}},"36":{"start":{"line":77,"column":6},"end":{"line":79,"column":7}},"37":{"start":{"line":78,"column":8},"end":{"line":78,"column":46}},"38":{"start":{"line":83,"column":2},"end":{"line":87,"column":4}},"39":{"start":{"line":93,"column":34},"end":{"line":118,"column":1}},"40":{"start":{"line":94,"column":40},"end":{"line":94,"column":68}},"41":{"start":{"line":96,"column":24},"end":{"line":115,"column":18}},"42":{"start":{"line":97,"column":4},"end":{"line":114,"column":5}},"43":{"start":{"line":99,"column":8},"end":{"line":99,"column":31}},"44":{"start":{"line":100,"column":8},"end":{"line":100,"column":58}},"45":{"start":{"line":100,"column":33},"end":{"line":100,"column":56}},"46":{"start":{"line":101,"column":8},"end":{"line":101,"column":14}},"47":{"start":{"line":103,"column":8},"end":{"line":103,"column":31}},"48":{"start":{"line":104,"column":8},"end":{"line":104,"column":71}},"49":{"start":{"line":104,"column":33},"end":{"line":104,"column":69}},"50":{"start":{"line":105,"column":8},"end":{"line":105,"column":14}},"51":{"start":{"line":107,"column":8},"end":{"line":107,"column":31}},"52":{"start":{"line":108,"column":8},"end":{"line":108,"column":26}},"53":{"start":{"line":109,"column":8},"end":{"line":109,"column":14}},"54":{"start":{"line":111,"column":8},"end":{"line":111,"column":31}},"55":{"start":{"line":112,"column":8},"end":{"line":112,"column":39}},"56":{"start":{"line":113,"column":8},"end":{"line":113,"column":14}},"57":{"start":{"line":117,"column":2},"end":{"line":117,"column":56}},"58":{"start":{"line":123,"column":40},"end":{"line":148,"column":1}},"59":{"start":{"line":124,"column":42},"end":{"line":124,"column":60}},"60":{"start":{"line":126,"column":2},"end":{"line":133,"column":16}},"61":{"start":{"line":127,"column":4},"end":{"line":132,"column":5}},"62":{"start":{"line":128,"column":6},"end":{"line":128,"column":31}},"63":{"start":{"line":130,"column":20},"end":{"line":130,"column":63}},"64":{"start":{"line":130,"column":37},"end":{"line":130,"column":56}},"65":{"start":{"line":131,"column":6},"end":{"line":131,"column":39}},"66":{"start":{"line":131,"column":19},"end":{"line":131,"column":38}},"67":{"start":{"line":135,"column":2},"end":{"line":147,"column":4}}},"fnMap":{"0":{"name":"(anonymous_0)","decl":{"start":{"line":6,"column":28},"end":{"line":6,"column":29}},"loc":{"start":{"line":6,"column":106},"end":{"line":88,"column":1}},"line":6},"1":{"name":"(anonymous_1)","decl":{"start":{"line":21,"column":43},"end":{"line":21,"column":44}},"loc":{"start":{"line":21,"column":49},"end":{"line":24,"column":3}},"line":21},"2":{"name":"(anonymous_2)","decl":{"start":{"line":26,"column":36},"end":{"line":26,"column":37}},"loc":{"start":{"line":26,"column":47},"end":{"line":53,"column":3}},"line":26},"3":{"name":"(anonymous_3)","decl":{"start":{"line":55,"column":12},"end":{"line":55,"column":13}},"loc":{"start":{"line":55,"column":18},"end":{"line":81,"column":3}},"line":55},"4":{"name":"(anonymous_4)","decl":{"start":{"line":73,"column":11},"end":{"line":73,"column":12}},"loc":{"start":{"line":73,"column":17},"end":{"line":80,"column":5}},"line":73},"5":{"name":"(anonymous_5)","decl":{"start":{"line":93,"column":34},"end":{"line":93,"column":35}},"loc":{"start":{"line":93,"column":68},"end":{"line":118,"column":1}},"line":93},"6":{"name":"(anonymous_6)","decl":{"start":{"line":96,"column":36},"end":{"line":96,"column":37}},"loc":{"start":{"line":96,"column":47},"end":{"line":115,"column":3}},"line":96},"7":{"name":"(anonymous_7)","decl":{"start":{"line":100,"column":23},"end":{"line":100,"column":24}},"loc":{"start":{"line":100,"column":33},"end":{"line":100,"column":56}},"line":100},"8":{"name":"(anonymous_8)","decl":{"start":{"line":104,"column":23},"end":{"line":104,"column":24}},"loc":{"start":{"line":104,"column":33},"end":{"line":104,"column":69}},"line":104},"9":{"name":"(anonymous_9)","decl":{"start":{"line":123,"column":40},"end":{"line":123,"column":41}},"loc":{"start":{"line":123,"column":88},"end":{"line":148,"column":1}},"line":123},"10":{"name":"(anonymous_10)","decl":{"start":{"line":126,"column":18},"end":{"line":126,"column":19}},"loc":{"start":{"line":126,"column":24},"end":{"line":133,"column":3}},"line":126},"11":{"name":"(anonymous_11)","decl":{"start":{"line":130,"column":31},"end":{"line":130,"column":32}},"loc":{"start":{"line":130,"column":37},"end":{"line":130,"column":56}},"line":130},"12":{"name":"(anonymous_12)","decl":{"start":{"line":131,"column":13},"end":{"line":131,"column":14}},"loc":{"start":{"line":131,"column":19},"end":{"line":131,"column":38}},"line":131}},"branchMap":{"0":{"loc":{"start":{"line":6,"column":41},"end":{"line":6,"column":58}},"type":"default-arg","locations":[{"start":{"line":6,"column":53},"end":{"line":6,"column":58}}],"line":6},"1":{"loc":{"start":{"line":6,"column":60},"end":{"line":6,"column":77}},"type":"default-arg","locations":[{"start":{"line":6,"column":72},"end":{"line":6,"column":77}}],"line":6},"2":{"loc":{"start":{"line":6,"column":79},"end":{"line":6,"column":99}},"type":"default-arg","locations":[{"start":{"line":6,"column":94},"end":{"line":6,"column":99}}],"line":6},"3":{"loc":{"start":{"line":22,"column":4},"end":{"line":22,"column":41}},"type":"if","locations":[{"start":{"line":22,"column":4},"end":{"line":22,"column":41}},{"start":{},"end":{}}],"line":22},"4":{"loc":{"start":{"line":27,"column":4},"end":{"line":27,"column":27}},"type":"if","locations":[{"start":{"line":27,"column":4},"end":{"line":27,"column":27}},{"start":{},"end":{}}],"line":27},"5":{"loc":{"start":{"line":33,"column":4},"end":{"line":47,"column":5}},"type":"if","locations":[{"start":{"line":33,"column":4},"end":{"line":47,"column":5}},{"start":{},"end":{}}],"line":33},"6":{"loc":{"start":{"line":34,"column":6},"end":{"line":46,"column":7}},"type":"if","locations":[{"start":{"line":34,"column":6},"end":{"line":46,"column":7}},{"start":{"line":40,"column":13},"end":{"line":46,"column":7}}],"line":34},"7":{"loc":{"start":{"line":36,"column":8},"end":{"line":39,"column":9}},"type":"if","locations":[{"start":{"line":36,"column":8},"end":{"line":39,"column":9}},{"start":{},"end":{}}],"line":36},"8":{"loc":{"start":{"line":42,"column":8},"end":{"line":45,"column":9}},"type":"if","locations":[{"start":{"line":42,"column":8},"end":{"line":45,"column":9}},{"start":{},"end":{}}],"line":42},"9":{"loc":{"start":{"line":49,"column":4},"end":{"line":52,"column":5}},"type":"if","locations":[{"start":{"line":49,"column":4},"end":{"line":52,"column":5}},{"start":{},"end":{}}],"line":49},"10":{"loc":{"start":{"line":57,"column":4},"end":{"line":57,"column":27}},"type":"if","locations":[{"start":{"line":57,"column":4},"end":{"line":57,"column":27}},{"start":{},"end":{}}],"line":57},"11":{"loc":{"start":{"line":60,"column":4},"end":{"line":62,"column":5}},"type":"if","locations":[{"start":{"line":60,"column":4},"end":{"line":62,"column":5}},{"start":{},"end":{}}],"line":60},"12":{"loc":{"start":{"line":65,"column":4},"end":{"line":68,"column":5}},"type":"if","locations":[{"start":{"line":65,"column":4},"end":{"line":68,"column":5}},{"start":{},"end":{}}],"line":65},"13":{"loc":{"start":{"line":77,"column":6},"end":{"line":79,"column":7}},"type":"if","locations":[{"start":{"line":77,"column":6},"end":{"line":79,"column":7}},{"start":{},"end":{}}],"line":77},"14":{"loc":{"start":{"line":77,"column":10},"end":{"line":77,"column":55}},"type":"binary-expr","locations":[{"start":{"line":77,"column":10},"end":{"line":77,"column":22}},{"start":{"line":77,"column":26},"end":{"line":77,"column":55}}],"line":77},"15":{"loc":{"start":{"line":93,"column":47},"end":{"line":93,"column":63}},"type":"default-arg","locations":[{"start":{"line":93,"column":62},"end":{"line":93,"column":63}}],"line":93},"16":{"loc":{"start":{"line":97,"column":4},"end":{"line":114,"column":5}},"type":"switch","locations":[{"start":{"line":98,"column":6},"end":{"line":101,"column":14}},{"start":{"line":102,"column":6},"end":{"line":105,"column":14}},{"start":{"line":106,"column":6},"end":{"line":109,"column":14}},{"start":{"line":110,"column":6},"end":{"line":113,"column":14}}],"line":97},"17":{"loc":{"start":{"line":123,"column":52},"end":{"line":123,"column":71}},"type":"default-arg","locations":[{"start":{"line":123,"column":63},"end":{"line":123,"column":71}}],"line":123},"18":{"loc":{"start":{"line":127,"column":4},"end":{"line":132,"column":5}},"type":"if","locations":[{"start":{"line":127,"column":4},"end":{"line":132,"column":5}},{"start":{},"end":{}}],"line":127}},"s":{"0":0,"1":0,"2":0,"3":0,"4":0,"5":0,"6":0,"7":0,"8":0,"9":0,"10":0,"11":0,"12":0,"13":0,"14":0,"15":0,"16":0,"17":0,"18":0,"19":0,"20":0,"21":0,"22":0,"23":0,"24":0,"25":0,"26":0,"27":0,"28":0,"29":0,"30":0,"31":0,"32":0,"33":0,"34":0,"35":0,"36":0,"37":0,"38":0,"39":0,"40":0,"41":0,"42":0,"43":0,"44":0,"45":0,"46":0,"47":0,"48":0,"49":0,"50":0,"51":0,"52":0,"53":0,"54":0,"55":0,"56":0,"57":0,"58":0,"59":0,"60":0,"61":0,"62":0,"63":0,"64":0,"65":0,"66":0,"67":0},"f":{"0":0,"1":0,"2":0,"3":0,"4":0,"5":0,"6":0,"7":0,"8":0,"9":0,"10":0,"11":0,"12":0},"b":{"0":[0],"1":[0],"2":[0],"3":[0,0],"4":[0,0],"5":[0,0],"6":[0,0],"7":[0,0],"8":[0,0],"9":[0,0],"10":[0,0],"11":[0,0],"12":[0,0],"13":[0,0],"14":[0,0],"15":[0],"16":[0,0,0,0],"17":[0],"18":[0,0]}}
,"/Users/pmelegatti/Documents/Niloft/melegattipGitHub/financial-resume-engine-frontend/src/components/Layout/Header.jsx": {"path":"/Users/pmelegatti/Documents/Niloft/melegattipGitHub/financial-resume-engine-frontend/src/components/Layout/Header.jsx","statementMap":{"0":{"start":{"line":4,"column":15},"end":{"line":90,"column":2}},"1":{"start":{"line":6,"column":23},"end":{"line":20,"column":9}},"2":{"start":{"line":6,"column":38},"end":{"line":20,"column":3}},"3":{"start":{"line":23,"column":16},"end":{"line":28,"column":9}},"4":{"start":{"line":23,"column":31},"end":{"line":28,"column":3}},"5":{"start":{"line":30,"column":2},"end":{"line":89,"column":4}},"6":{"start":{"line":92,"column":0},"end":{"line":92,"column":30}}},"fnMap":{"0":{"name":"(anonymous_0)","decl":{"start":{"line":4,"column":20},"end":{"line":4,"column":21}},"loc":{"start":{"line":4,"column":58},"end":{"line":90,"column":1}},"line":4},"1":{"name":"(anonymous_1)","decl":{"start":{"line":6,"column":31},"end":{"line":6,"column":32}},"loc":{"start":{"line":6,"column":38},"end":{"line":20,"column":3}},"line":6},"2":{"name":"(anonymous_2)","decl":{"start":{"line":23,"column":24},"end":{"line":23,"column":25}},"loc":{"start":{"line":23,"column":31},"end":{"line":28,"column":3}},"line":23}},"branchMap":{"0":{"loc":{"start":{"line":45,"column":13},"end":{"line":47,"column":13}},"type":"binary-expr","locations":[{"start":{"line":45,"column":13},"end":{"line":45,"column":21}},{"start":{"line":46,"column":14},"end":{"line":46,"column":65}}],"line":45}},"s":{"0":0,"1":0,"2":0,"3":0,"4":0,"5":0,"6":0},"f":{"0":0,"1":0,"2":0},"b":{"0":[0,0]}}
,"/Users/pmelegatti/Documents/Niloft/melegattipGitHub/financial-resume-engine-frontend/src/components/Layout/Sidebar.jsx": {"path":"/Users/pmelegatti/Documents/Niloft/melegattipGitHub/financial-resume-engine-frontend/src/components/Layout/Sidebar.jsx","statementMap":{"0":{"start":{"line":14,"column":16},"end":{"line":137,"column":2}},"1":{"start":{"line":16,"column":20},"end":{"line":53,"column":8}},"2":{"start":{"line":16,"column":34},"end":{"line":53,"column":3}},"3":{"start":{"line":56,"column":17},"end":{"line":73,"column":9}},"4":{"start":{"line":56,"column":32},"end":{"line":73,"column":3}},"5":{"start":{"line":76,"column":26},"end":{"line":77,"column":50}},"6":{"start":{"line":77,"column":4},"end":{"line":77,"column":45}},"7":{"start":{"line":80,"column":22},"end":{"line":92,"column":14}},"8":{"start":{"line":81,"column":4},"end":{"line":91,"column":10}},"9":{"start":{"line":95,"column":22},"end":{"line":107,"column":14}},"10":{"start":{"line":96,"column":4},"end":{"line":106,"column":10}},"11":{"start":{"line":109,"column":2},"end":{"line":136,"column":4}},"12":{"start":{"line":116,"column":23},"end":{"line":116,"column":32}},"13":{"start":{"line":117,"column":10},"end":{"line":130,"column":12}},"14":{"start":{"line":139,"column":0},"end":{"line":139,"column":32}}},"fnMap":{"0":{"name":"(anonymous_0)","decl":{"start":{"line":14,"column":21},"end":{"line":14,"column":22}},"loc":{"start":{"line":14,"column":27},"end":{"line":137,"column":1}},"line":14},"1":{"name":"(anonymous_1)","decl":{"start":{"line":16,"column":28},"end":{"line":16,"column":29}},"loc":{"start":{"line":16,"column":34},"end":{"line":53,"column":3}},"line":16},"2":{"name":"(anonymous_2)","decl":{"start":{"line":56,"column":25},"end":{"line":56,"column":26}},"loc":{"start":{"line":56,"column":32},"end":{"line":73,"column":3}},"line":56},"3":{"name":"(anonymous_3)","decl":{"start":{"line":76,"column":38},"end":{"line":76,"column":39}},"loc":{"start":{"line":77,"column":4},"end":{"line":77,"column":45}},"line":77},"4":{"name":"(anonymous_4)","decl":{"start":{"line":80,"column":30},"end":{"line":80,"column":31}},"loc":{"start":{"line":81,"column":4},"end":{"line":91,"column":10}},"line":81},"5":{"name":"(anonymous_5)","decl":{"start":{"line":95,"column":30},"end":{"line":95,"column":31}},"loc":{"start":{"line":96,"column":4},"end":{"line":106,"column":10}},"line":96},"6":{"name":"(anonymous_6)","decl":{"start":{"line":115,"column":23},"end":{"line":115,"column":24}},"loc":{"start":{"line":115,"column":33},"end":{"line":131,"column":9}},"line":115}},"branchMap":{"0":{"loc":{"start":{"line":77,"column":4},"end":{"line":77,"column":45}},"type":"cond-expr","locations":[{"start":{"line":77,"column":15},"end":{"line":77,"column":32}},{"start":{"line":77,"column":35},"end":{"line":77,"column":45}}],"line":77}},"s":{"0":0,"1":0,"2":0,"3":0,"4":0,"5":0,"6":0,"7":0,"8":0,"9":0,"10":0,"11":0,"12":0,"13":0,"14":0},"f":{"0":0,"1":0,"2":0,"3":0,"4":0,"5":0,"6":0},"b":{"0":[0,0]}}
,"/Users/pmelegatti/Documents/Niloft/melegattipGitHub/financial-resume-engine-frontend/src/hooks/useDebounce.js": {"path":"/Users/pmelegatti/Documents/Niloft/melegattipGitHub/financial-resume-engine-frontend/src/hooks/useDebounce.js","statementMap":{"0":{"start":{"line":10,"column":46},"end":{"line":10,"column":61}},"1":{"start":{"line":12,"column":2},"end":{"line":20,"column":21}},"2":{"start":{"line":13,"column":20},"end":{"line":15,"column":13}},"3":{"start":{"line":14,"column":6},"end":{"line":14,"column":31}},"4":{"start":{"line":17,"column":4},"end":{"line":19,"column":6}},"5":{"start":{"line":18,"column":6},"end":{"line":18,"column":28}},"6":{"start":{"line":22,"column":2},"end":{"line":22,"column":24}}},"fnMap":{"0":{"name":"useDebounce","decl":{"start":{"line":9,"column":16},"end":{"line":9,"column":27}},"loc":{"start":{"line":9,"column":42},"end":{"line":23,"column":1}},"line":9},"1":{"name":"(anonymous_1)","decl":{"start":{"line":12,"column":12},"end":{"line":12,"column":13}},"loc":{"start":{"line":12,"column":18},"end":{"line":20,"column":3}},"line":12},"2":{"name":"(anonymous_2)","decl":{"start":{"line":13,"column":31},"end":{"line":13,"column":32}},"loc":{"start":{"line":13,"column":37},"end":{"line":15,"column":5}},"line":13},"3":{"name":"(anonymous_3)","decl":{"start":{"line":17,"column":11},"end":{"line":17,"column":12}},"loc":{"start":{"line":17,"column":17},"end":{"line":19,"column":5}},"line":17}},"branchMap":{},"s":{"0":0,"1":0,"2":0,"3":0,"4":0,"5":0,"6":0},"f":{"0":0,"1":0,"2":0,"3":0},"b":{}}
,"/Users/pmelegatti/Documents/Niloft/melegattipGitHub/financial-resume-engine-frontend/src/hooks/useVirtualization.js": {"path":"/Users/pmelegatti/Documents/Niloft/melegattipGitHub/financial-resume-engine-frontend/src/hooks/useVirtualization.js","statementMap":{"0":{"start":{"line":17,"column":36},"end":{"line":17,"column":47}},"1":{"start":{"line":19,"column":23},"end":{"line":30,"column":70}},"2":{"start":{"line":20,"column":23},"end":{"line":20,"column":35}},"3":{"start":{"line":21,"column":25},"end":{"line":21,"column":64}},"4":{"start":{"line":23,"column":23},"end":{"line":23,"column":81}},"5":{"start":{"line":24,"column":21},"end":{"line":27,"column":5}},"6":{"start":{"line":29,"column":4},"end":{"line":29,"column":36}},"7":{"start":{"line":32,"column":23},"end":{"line":44,"column":39}},"8":{"start":{"line":33,"column":4},"end":{"line":43,"column":10}},"9":{"start":{"line":34,"column":29},"end":{"line":43,"column":7}},"10":{"start":{"line":46,"column":22},"end":{"line":46,"column":47}},"11":{"start":{"line":48,"column":23},"end":{"line":50,"column":3}},"12":{"start":{"line":49,"column":4},"end":{"line":49,"column":41}},"13":{"start":{"line":52,"column":2},"end":{"line":64,"column":4}}},"fnMap":{"0":{"name":"useVirtualization","decl":{"start":{"line":11,"column":16},"end":{"line":11,"column":33}},"loc":{"start":{"line":16,"column":3},"end":{"line":65,"column":1}},"line":16},"1":{"name":"(anonymous_1)","decl":{"start":{"line":19,"column":31},"end":{"line":19,"column":32}},"loc":{"start":{"line":19,"column":37},"end":{"line":30,"column":3}},"line":19},"2":{"name":"(anonymous_2)","decl":{"start":{"line":32,"column":31},"end":{"line":32,"column":32}},"loc":{"start":{"line":32,"column":37},"end":{"line":44,"column":3}},"line":32},"3":{"name":"(anonymous_3)","decl":{"start":{"line":34,"column":11},"end":{"line":34,"column":12}},"loc":{"start":{"line":34,"column":29},"end":{"line":43,"column":7}},"line":34},"4":{"name":"(anonymous_4)","decl":{"start":{"line":48,"column":23},"end":{"line":48,"column":24}},"loc":{"start":{"line":48,"column":34},"end":{"line":50,"column":3}},"line":48}},"branchMap":{"0":{"loc":{"start":{"line":12,"column":2},"end":{"line":12,"column":12}},"type":"default-arg","locations":[{"start":{"line":12,"column":10},"end":{"line":12,"column":12}}],"line":12},"1":{"loc":{"start":{"line":13,"column":2},"end":{"line":13,"column":17}},"type":"default-arg","locations":[{"start":{"line":13,"column":15},"end":{"line":13,"column":17}}],"line":13},"2":{"loc":{"start":{"line":14,"column":2},"end":{"line":14,"column":23}},"type":"default-arg","locations":[{"start":{"line":14,"column":20},"end":{"line":14,"column":23}}],"line":14},"3":{"loc":{"start":{"line":15,"column":2},"end":{"line":15,"column":14}},"type":"default-arg","locations":[{"start":{"line":15,"column":13},"end":{"line":15,"column":14}}],"line":15}},"s":{"0":0,"1":0,"2":0,"3":0,"4":0,"5":0,"6":0,"7":0,"8":0,"9":0,"10":0,"11":0,"12":0,"13":0},"f":{"0":0,"1":0,"2":0,"3":0,"4":0},"b":{"0":[0],"1":[0],"2":[0],"3":[0]}}
,"/Users/pmelegatti/Documents/Niloft/melegattipGitHub/financial-resume-engine-frontend/src/pages/Categories.jsx": {"path":"/Users/pmelegatti/Documents/Niloft/melegattipGitHub/financial-resume-engine-frontend/src/pages/Categories.jsx","statementMap":{"0":{"start":{"line":6,"column":19},"end":{"line":217,"column":1}},"1":{"start":{"line":7,"column":38},"end":{"line":7,"column":50}},"2":{"start":{"line":8,"column":32},"end":{"line":8,"column":46}},"3":{"start":{"line":9,"column":36},"end":{"line":9,"column":51}},"4":{"start":{"line":10,"column":48},"end":{"line":10,"column":62}},"5":{"start":{"line":11,"column":38},"end":{"line":11,"column":50}},"6":{"start":{"line":12,"column":34},"end":{"line":15,"column":4}},"7":{"start":{"line":17,"column":2},"end":{"line":19,"column":9}},"8":{"start":{"line":18,"column":4},"end":{"line":18,"column":21}},"9":{"start":{"line":21,"column":25},"end":{"line":34,"column":3}},"10":{"start":{"line":22,"column":4},"end":{"line":33,"column":5}},"11":{"start":{"line":23,"column":6},"end":{"line":23,"column":23}},"12":{"start":{"line":24,"column":23},"end":{"line":24,"column":49}},"13":{"start":{"line":25,"column":29},"end":{"line":25,"column":71}},"14":{"start":{"line":26,"column":6},"end":{"line":26,"column":73}},"15":{"start":{"line":28,"column":6},"end":{"line":28,"column":56}},"16":{"start":{"line":29,"column":6},"end":{"line":29,"column":52}},"17":{"start":{"line":30,"column":6},"end":{"line":30,"column":24}},"18":{"start":{"line":32,"column":6},"end":{"line":32,"column":24}},"19":{"start":{"line":36,"column":23},"end":{"line":53,"column":3}},"20":{"start":{"line":37,"column":4},"end":{"line":37,"column":23}},"21":{"start":{"line":38,"column":4},"end":{"line":52,"column":5}},"22":{"start":{"line":39,"column":6},"end":{"line":45,"column":7}},"23":{"start":{"line":40,"column":8},"end":{"line":40,"column":65}},"24":{"start":{"line":41,"column":8},"end":{"line":41,"column":61}},"25":{"start":{"line":43,"column":8},"end":{"line":43,"column":45}},"26":{"start":{"line":44,"column":8},"end":{"line":44,"column":56}},"27":{"start":{"line":46,"column":6},"end":{"line":46,"column":26}},"28":{"start":{"line":47,"column":6},"end":{"line":47,"column":31}},"29":{"start":{"line":48,"column":6},"end":{"line":48,"column":49}},"30":{"start":{"line":49,"column":6},"end":{"line":49,"column":23}},"31":{"start":{"line":51,"column":6},"end":{"line":51,"column":51}},"32":{"start":{"line":55,"column":21},"end":{"line":62,"column":3}},"33":{"start":{"line":56,"column":4},"end":{"line":56,"column":33}},"34":{"start":{"line":57,"column":4},"end":{"line":60,"column":7}},"35":{"start":{"line":61,"column":4},"end":{"line":61,"column":23}},"36":{"start":{"line":64,"column":23},"end":{"line":74,"column":3}},"37":{"start":{"line":65,"column":4},"end":{"line":73,"column":5}},"38":{"start":{"line":66,"column":6},"end":{"line":72,"column":7}},"39":{"start":{"line":67,"column":8},"end":{"line":67,"column":48}},"40":{"start":{"line":68,"column":8},"end":{"line":68,"column":59}},"41":{"start":{"line":69,"column":8},"end":{"line":69,"column":25}},"42":{"start":{"line":71,"column":8},"end":{"line":71,"column":54}},"43":{"start":{"line":76,"column":29},"end":{"line":80,"column":8}},"44":{"start":{"line":78,"column":8},"end":{"line":78,"column":70}},"45":{"start":{"line":82,"column":2},"end":{"line":89,"column":3}},"46":{"start":{"line":83,"column":4},"end":{"line":88,"column":6}},"47":{"start":{"line":91,"column":2},"end":{"line":216,"column":4}},"48":{"start":{"line":102,"column":31},"end":{"line":102,"column":60}},"49":{"start":{"line":108,"column":27},"end":{"line":108,"column":45}},"50":{"start":{"line":127,"column":12},"end":{"line":156,"column":18}},"51":{"start":{"line":143,"column":35},"end":{"line":143,"column":55}},"52":{"start":{"line":149,"column":35},"end":{"line":149,"column":57}},"53":{"start":{"line":177,"column":35},"end":{"line":177,"column":85}},"54":{"start":{"line":189,"column":35},"end":{"line":189,"column":92}},"55":{"start":{"line":199,"column":20},"end":{"line":199,"column":40}},"56":{"start":{"line":200,"column":20},"end":{"line":200,"column":45}},"57":{"start":{"line":201,"column":20},"end":{"line":201,"column":63}}},"fnMap":{"0":{"name":"(anonymous_0)","decl":{"start":{"line":6,"column":19},"end":{"line":6,"column":20}},"loc":{"start":{"line":6,"column":25},"end":{"line":217,"column":1}},"line":6},"1":{"name":"(anonymous_1)","decl":{"start":{"line":17,"column":12},"end":{"line":17,"column":13}},"loc":{"start":{"line":17,"column":18},"end":{"line":19,"column":3}},"line":17},"2":{"name":"(anonymous_2)","decl":{"start":{"line":21,"column":25},"end":{"line":21,"column":26}},"loc":{"start":{"line":21,"column":37},"end":{"line":34,"column":3}},"line":21},"3":{"name":"(anonymous_3)","decl":{"start":{"line":36,"column":23},"end":{"line":36,"column":24}},"loc":{"start":{"line":36,"column":36},"end":{"line":53,"column":3}},"line":36},"4":{"name":"(anonymous_4)","decl":{"start":{"line":55,"column":21},"end":{"line":55,"column":22}},"loc":{"start":{"line":55,"column":35},"end":{"line":62,"column":3}},"line":55},"5":{"name":"(anonymous_5)","decl":{"start":{"line":64,"column":23},"end":{"line":64,"column":24}},"loc":{"start":{"line":64,"column":43},"end":{"line":74,"column":3}},"line":64},"6":{"name":"(anonymous_6)","decl":{"start":{"line":77,"column":24},"end":{"line":77,"column":25}},"loc":{"start":{"line":78,"column":8},"end":{"line":78,"column":70}},"line":78},"7":{"name":"(anonymous_7)","decl":{"start":{"line":102,"column":24},"end":{"line":102,"column":25}},"loc":{"start":{"line":102,"column":31},"end":{"line":102,"column":60}},"line":102},"8":{"name":"(anonymous_8)","decl":{"start":{"line":108,"column":21},"end":{"line":108,"column":22}},"loc":{"start":{"line":108,"column":27},"end":{"line":108,"column":45}},"line":108},"9":{"name":"(anonymous_9)","decl":{"start":{"line":126,"column":33},"end":{"line":126,"column":34}},"loc":{"start":{"line":127,"column":12},"end":{"line":156,"column":18}},"line":127},"10":{"name":"(anonymous_10)","decl":{"start":{"line":143,"column":29},"end":{"line":143,"column":30}},"loc":{"start":{"line":143,"column":35},"end":{"line":143,"column":55}},"line":143},"11":{"name":"(anonymous_11)","decl":{"start":{"line":149,"column":29},"end":{"line":149,"column":30}},"loc":{"start":{"line":149,"column":35},"end":{"line":149,"column":57}},"line":149},"12":{"name":"(anonymous_12)","decl":{"start":{"line":177,"column":28},"end":{"line":177,"column":29}},"loc":{"start":{"line":177,"column":35},"end":{"line":177,"column":85}},"line":177},"13":{"name":"(anonymous_13)","decl":{"start":{"line":189,"column":28},"end":{"line":189,"column":29}},"loc":{"start":{"line":189,"column":35},"end":{"line":189,"column":92}},"line":189},"14":{"name":"(anonymous_14)","decl":{"start":{"line":198,"column":27},"end":{"line":198,"column":28}},"loc":{"start":{"line":198,"column":33},"end":{"line":202,"column":19}},"line":198}},"branchMap":{"0":{"loc":{"start":{"line":25,"column":29},"end":{"line":25,"column":71}},"type":"binary-expr","locations":[{"start":{"line":25,"column":29},"end":{"line":25,"column":48}},{"start":{"line":25,"column":52},"end":{"line":25,"column":65}},{"start":{"line":25,"column":69},"end":{"line":25,"column":71}}],"line":25},"1":{"loc":{"start":{"line":26,"column":20},"end":{"line":26,"column":71}},"type":"cond-expr","locations":[{"start":{"line":26,"column":52},"end":{"line":26,"column":66}},{"start":{"line":26,"column":69},"end":{"line":26,"column":71}}],"line":26},"2":{"loc":{"start":{"line":39,"column":6},"end":{"line":45,"column":7}},"type":"if","locations":[{"start":{"line":39,"column":6},"end":{"line":45,"column":7}},{"start":{"line":42,"column":13},"end":{"line":45,"column":7}}],"line":39},"3":{"loc":{"start":{"line":59,"column":19},"end":{"line":59,"column":45}},"type":"binary-expr","locations":[{"start":{"line":59,"column":19},"end":{"line":59,"column":39}},{"start":{"line":59,"column":43},"end":{"line":59,"column":45}}],"line":59},"4":{"loc":{"start":{"line":65,"column":4},"end":{"line":73,"column":5}},"type":"if","locations":[{"start":{"line":65,"column":4},"end":{"line":73,"column":5}},{"start":{},"end":{}}],"line":65},"5":{"loc":{"start":{"line":76,"column":29},"end":{"line":80,"column":8}},"type":"cond-expr","locations":[{"start":{"line":77,"column":6},"end":{"line":79,"column":7}},{"start":{"line":80,"column":6},"end":{"line":80,"column":8}}],"line":76},"6":{"loc":{"start":{"line":82,"column":2},"end":{"line":89,"column":3}},"type":"if","locations":[{"start":{"line":82,"column":2},"end":{"line":89,"column":3}},{"start":{},"end":{}}],"line":82},"7":{"loc":{"start":{"line":119,"column":9},"end":{"line":158,"column":9}},"type":"cond-expr","locations":[{"start":{"line":120,"column":10},"end":{"line":124,"column":16}},{"start":{"line":126,"column":10},"end":{"line":157,"column":12}}],"line":119},"8":{"loc":{"start":{"line":135,"column":21},"end":{"line":137,"column":21}},"type":"binary-expr","locations":[{"start":{"line":135,"column":21},"end":{"line":135,"column":41}},{"start":{"line":136,"column":22},"end":{"line":136,"column":93}}],"line":135},"9":{"loc":{"start":{"line":162,"column":7},"end":{"line":214,"column":7}},"type":"binary-expr","locations":[{"start":{"line":162,"column":7},"end":{"line":162,"column":16}},{"start":{"line":163,"column":8},"end":{"line":213,"column":14}}],"line":162},"10":{"loc":{"start":{"line":166,"column":15},"end":{"line":166,"column":71}},"type":"cond-expr","locations":[{"start":{"line":166,"column":33},"end":{"line":166,"column":51}},{"start":{"line":166,"column":54},"end":{"line":166,"column":71}}],"line":166},"11":{"loc":{"start":{"line":208,"column":19},"end":{"line":208,"column":59}},"type":"cond-expr","locations":[{"start":{"line":208,"column":37},"end":{"line":208,"column":49}},{"start":{"line":208,"column":52},"end":{"line":208,"column":59}}],"line":208}},"s":{"0":0,"1":0,"2":0,"3":0,"4":0,"5":0,"6":0,"7":0,"8":0,"9":0,"10":0,"11":0,"12":0,"13":0,"14":0,"15":0,"16":0,"17":0,"18":0,"19":0,"20":0,"21":0,"22":0,"23":0,"24":0,"25":0,"26":0,"27":0,"28":0,"29":0,"30":0,"31":0,"32":0,"33":0,"34":0,"35":0,"36":0,"37":0,"38":0,"39":0,"40":0,"41":0,"42":0,"43":0,"44":0,"45":0,"46":0,"47":0,"48":0,"49":0,"50":0,"51":0,"52":0,"53":0,"54":0,"55":0,"56":0,"57":0},"f":{"0":0,"1":0,"2":0,"3":0,"4":0,"5":0,"6":0,"7":0,"8":0,"9":0,"10":0,"11":0,"12":0,"13":0,"14":0},"b":{"0":[0,0,0],"1":[0,0],"2":[0,0],"3":[0,0],"4":[0,0],"5":[0,0],"6":[0,0],"7":[0,0],"8":[0,0],"9":[0,0],"10":[0,0],"11":[0,0]}}
,"/Users/pmelegatti/Documents/Niloft/melegattipGitHub/financial-resume-engine-frontend/src/pages/Dashboard.jsx": {"path":"/Users/pmelegatti/Documents/Niloft/melegattipGitHub/financial-resume-engine-frontend/src/pages/Dashboard.jsx","statementMap":{"0":{"start":{"line":30,"column":18},"end":{"line":1071,"column":1}},"1":{"start":{"line":31,"column":32},"end":{"line":31,"column":46}},"2":{"start":{"line":32,"column":40},"end":{"line":32,"column":54}},"3":{"start":{"line":33,"column":44},"end":{"line":33,"column":56}},"4":{"start":{"line":34,"column":42},"end":{"line":34,"column":54}},"5":{"start":{"line":35,"column":30},"end":{"line":35,"column":47}},"6":{"start":{"line":36,"column":26},"end":{"line":43,"column":4}},"7":{"start":{"line":45,"column":2},"end":{"line":48,"column":9}},"8":{"start":{"line":46,"column":4},"end":{"line":46,"column":24}},"9":{"start":{"line":51,"column":2},"end":{"line":56,"column":58}},"10":{"start":{"line":52,"column":4},"end":{"line":54,"column":5}},"11":{"start":{"line":53,"column":6},"end":{"line":53,"column":26}},"12":{"start":{"line":59,"column":2},"end":{"line":67,"column":27}},"13":{"start":{"line":60,"column":4},"end":{"line":65,"column":5}},"14":{"start":{"line":61,"column":30},"end":{"line":61,"column":59}},"15":{"start":{"line":62,"column":6},"end":{"line":64,"column":7}},"16":{"start":{"line":63,"column":8},"end":{"line":63,"column":29}},"17":{"start":{"line":70,"column":2},"end":{"line":102,"column":28}},"18":{"start":{"line":72,"column":31},"end":{"line":91,"column":5}},"19":{"start":{"line":73,"column":21},"end":{"line":73,"column":30}},"20":{"start":{"line":76,"column":6},"end":{"line":83,"column":9}},"21":{"start":{"line":77,"column":8},"end":{"line":82,"column":9}},"22":{"start":{"line":78,"column":23},"end":{"line":78,"column":48}},"23":{"start":{"line":79,"column":24},"end":{"line":79,"column":54}},"24":{"start":{"line":80,"column":10},"end":{"line":80,"column":160}},"25":{"start":{"line":81,"column":10},"end":{"line":81,"column":28}},"26":{"start":{"line":86,"column":27},"end":{"line":86,"column":63}},"27":{"start":{"line":87,"column":6},"end":{"line":87,"column":31}},"28":{"start":{"line":90,"column":6},"end":{"line":90,"column":49}},"29":{"start":{"line":93,"column":4},"end":{"line":101,"column":5}},"30":{"start":{"line":94,"column":30},"end":{"line":94,"column":50}},"31":{"start":{"line":95,"column":6},"end":{"line":95,"column":57}},"32":{"start":{"line":96,"column":6},"end":{"line":96,"column":98}},"33":{"start":{"line":97,"column":6},"end":{"line":97,"column":60}},"34":{"start":{"line":98,"column":6},"end":{"line":100,"column":7}},"35":{"start":{"line":99,"column":8},"end":{"line":99,"column":45}},"36":{"start":{"line":105,"column":38},"end":{"line":134,"column":3}},"37":{"start":{"line":106,"column":19},"end":{"line":106,"column":28}},"38":{"start":{"line":109,"column":4},"end":{"line":122,"column":7}},"39":{"start":{"line":110,"column":6},"end":{"line":121,"column":7}},"40":{"start":{"line":111,"column":21},"end":{"line":111,"column":46}},"41":{"start":{"line":112,"column":25},"end":{"line":112,"column":54}},"42":{"start":{"line":115,"column":8},"end":{"line":117,"column":9}},"43":{"start":{"line":116,"column":10},"end":{"line":116,"column":17}},"44":{"start":{"line":119,"column":22},"end":{"line":119,"column":52}},"45":{"start":{"line":120,"column":8},"end":{"line":120,"column":26}},"46":{"start":{"line":125,"column":24},"end":{"line":125,"column":34}},"47":{"start":{"line":126,"column":24},"end":{"line":126,"column":60}},"48":{"start":{"line":127,"column":4},"end":{"line":130,"column":5}},"49":{"start":{"line":128,"column":27},"end":{"line":128,"column":64}},"50":{"start":{"line":129,"column":6},"end":{"line":129,"column":31}},"51":{"start":{"line":133,"column":4},"end":{"line":133,"column":47}},"52":{"start":{"line":137,"column":28},"end":{"line":155,"column":3}},"53":{"start":{"line":138,"column":18},"end":{"line":138,"column":27}},"54":{"start":{"line":141,"column":4},"end":{"line":147,"column":7}},"55":{"start":{"line":142,"column":6},"end":{"line":146,"column":7}},"56":{"start":{"line":143,"column":21},"end":{"line":143,"column":46}},"57":{"start":{"line":144,"column":21},"end":{"line":144,"column":50}},"58":{"start":{"line":145,"column":8},"end":{"line":145,"column":24}},"59":{"start":{"line":150,"column":24},"end":{"line":150,"column":59}},"60":{"start":{"line":151,"column":4},"end":{"line":151,"column":27}},"61":{"start":{"line":154,"column":4},"end":{"line":154,"column":46}},"62":{"start":{"line":157,"column":28},"end":{"line":267,"column":3}},"63":{"start":{"line":158,"column":4},"end":{"line":266,"column":5}},"64":{"start":{"line":159,"column":6},"end":{"line":159,"column":23}},"65":{"start":{"line":162,"column":27},"end":{"line":162,"column":29}},"66":{"start":{"line":163,"column":6},"end":{"line":163,"column":57}},"67":{"start":{"line":163,"column":24},"end":{"line":163,"column":57}},"68":{"start":{"line":164,"column":6},"end":{"line":168,"column":7}},"69":{"start":{"line":165,"column":30},"end":{"line":165,"column":54}},"70":{"start":{"line":166,"column":8},"end":{"line":166,"column":33}},"71":{"start":{"line":167,"column":8},"end":{"line":167,"column":35}},"72":{"start":{"line":170,"column":17},"end":{"line":170,"column":19}},"73":{"start":{"line":172,"column":6},"end":{"line":247,"column":7}},"74":{"start":{"line":174,"column":97},"end":{"line":179,"column":10}},"75":{"start":{"line":182,"column":26},"end":{"line":182,"column":54}},"76":{"start":{"line":183,"column":29},"end":{"line":183,"column":56}},"77":{"start":{"line":184,"column":31},"end":{"line":184,"column":60}},"78":{"start":{"line":185,"column":38},"end":{"line":185,"column":106}},"79":{"start":{"line":188,"column":8},"end":{"line":205,"column":10}},"80":{"start":{"line":207,"column":8},"end":{"line":207,"column":61}},"81":{"start":{"line":209,"column":8},"end":{"line":209,"column":112}},"82":{"start":{"line":212,"column":72},"end":{"line":216,"column":10}},"83":{"start":{"line":219,"column":29},"end":{"line":219,"column":91}},"84":{"start":{"line":220,"column":28},"end":{"line":220,"column":87}},"85":{"start":{"line":221,"column":31},"end":{"line":221,"column":93}},"86":{"start":{"line":223,"column":25},"end":{"line":223,"column":72}},"87":{"start":{"line":224,"column":24},"end":{"line":224,"column":69}},"88":{"start":{"line":225,"column":27},"end":{"line":225,"column":78}},"89":{"start":{"line":228,"column":33},"end":{"line":228,"column":96}},"90":{"start":{"line":229,"column":32},"end":{"line":229,"column":94}},"91":{"start":{"line":231,"column":30},"end":{"line":231,"column":96}},"92":{"start":{"line":231,"column":72},"end":{"line":231,"column":92}},"93":{"start":{"line":232,"column":28},"end":{"line":232,"column":91}},"94":{"start":{"line":232,"column":68},"end":{"line":232,"column":87}},"95":{"start":{"line":234,"column":8},"end":{"line":244,"column":10}},"96":{"start":{"line":246,"column":8},"end":{"line":246,"column":74}},"97":{"start":{"line":249,"column":6},"end":{"line":249,"column":20}},"98":{"start":{"line":251,"column":6},"end":{"line":251,"column":60}},"99":{"start":{"line":252,"column":6},"end":{"line":252,"column":61}},"100":{"start":{"line":253,"column":6},"end":{"line":263,"column":9}},"101":{"start":{"line":265,"column":6},"end":{"line":265,"column":24}},"102":{"start":{"line":269,"column":23},"end":{"line":272,"column":3}},"103":{"start":{"line":270,"column":4},"end":{"line":270,"column":38}},"104":{"start":{"line":270,"column":22},"end":{"line":270,"column":38}},"105":{"start":{"line":271,"column":4},"end":{"line":271,"column":34}},"106":{"start":{"line":274,"column":27},"end":{"line":276,"column":3}},"107":{"start":{"line":275,"column":4},"end":{"line":275,"column":39}},"108":{"start":{"line":279,"column":35},"end":{"line":298,"column":3}},"109":{"start":{"line":280,"column":4},"end":{"line":280,"column":44}},"110":{"start":{"line":280,"column":27},"end":{"line":280,"column":44}},"111":{"start":{"line":282,"column":4},"end":{"line":297,"column":7}},"112":{"start":{"line":283,"column":23},"end":{"line":283,"column":48}},"113":{"start":{"line":286,"column":6},"end":{"line":288,"column":7}},"114":{"start":{"line":287,"column":8},"end":{"line":287,"column":21}},"115":{"start":{"line":291,"column":6},"end":{"line":294,"column":7}},"116":{"start":{"line":292,"column":26},"end":{"line":292,"column":60}},"117":{"start":{"line":293,"column":8},"end":{"line":293,"column":41}},"118":{"start":{"line":296,"column":6},"end":{"line":296,"column":18}},"119":{"start":{"line":301,"column":27},"end":{"line":301,"column":56}},"120":{"start":{"line":304,"column":25},"end":{"line":313,"column":3}},"121":{"start":{"line":305,"column":4},"end":{"line":311,"column":5}},"122":{"start":{"line":306,"column":6},"end":{"line":306,"column":45}},"123":{"start":{"line":307,"column":11},"end":{"line":311,"column":5}},"124":{"start":{"line":308,"column":6},"end":{"line":308,"column":45}},"125":{"start":{"line":309,"column":11},"end":{"line":311,"column":5}},"126":{"start":{"line":310,"column":6},"end":{"line":310,"column":35}},"127":{"start":{"line":312,"column":4},"end":{"line":312,"column":14}},"128":{"start":{"line":315,"column":27},"end":{"line":326,"column":3}},"129":{"start":{"line":317,"column":26},"end":{"line":317,"column":48}},"130":{"start":{"line":318,"column":17},"end":{"line":318,"column":65}},"131":{"start":{"line":319,"column":22},"end":{"line":322,"column":6}},"132":{"start":{"line":324,"column":24},"end":{"line":324,"column":78}},"133":{"start":{"line":325,"column":4},"end":{"line":325,"column":23}},"134":{"start":{"line":329,"column":26},"end":{"line":337,"column":3}},"135":{"start":{"line":330,"column":26},"end":{"line":330,"column":48}},"136":{"start":{"line":331,"column":17},"end":{"line":331,"column":65}},"137":{"start":{"line":332,"column":22},"end":{"line":334,"column":6}},"138":{"start":{"line":336,"column":4},"end":{"line":336,"column":66}},"139":{"start":{"line":340,"column":27},"end":{"line":363,"column":3}},"140":{"start":{"line":341,"column":19},"end":{"line":350,"column":5}},"141":{"start":{"line":352,"column":4},"end":{"line":354,"column":5}},"142":{"start":{"line":353,"column":6},"end":{"line":353,"column":85}},"143":{"start":{"line":357,"column":15},"end":{"line":357,"column":16}},"144":{"start":{"line":358,"column":4},"end":{"line":360,"column":5}},"145":{"start":{"line":358,"column":17},"end":{"line":358,"column":18}},"146":{"start":{"line":359,"column":6},"end":{"line":359,"column":61}},"147":{"start":{"line":361,"column":23},"end":{"line":361,"column":53}},"148":{"start":{"line":362,"column":4},"end":{"line":362,"column":30}},"149":{"start":{"line":366,"column":32},"end":{"line":380,"column":3}},"150":{"start":{"line":367,"column":4},"end":{"line":369,"column":5}},"151":{"start":{"line":368,"column":6},"end":{"line":368,"column":16}},"152":{"start":{"line":372,"column":19},"end":{"line":372,"column":96}},"153":{"start":{"line":374,"column":4},"end":{"line":379,"column":39}},"154":{"start":{"line":374,"column":62},"end":{"line":379,"column":5}},"155":{"start":{"line":379,"column":23},"end":{"line":379,"column":37}},"156":{"start":{"line":383,"column":29},"end":{"line":399,"column":3}},"157":{"start":{"line":384,"column":22},"end":{"line":384,"column":29}},"158":{"start":{"line":386,"column":4},"end":{"line":392,"column":5}},"159":{"start":{"line":387,"column":6},"end":{"line":387,"column":52}},"160":{"start":{"line":388,"column":11},"end":{"line":392,"column":5}},"161":{"start":{"line":389,"column":6},"end":{"line":389,"column":100}},"162":{"start":{"line":390,"column":11},"end":{"line":392,"column":5}},"163":{"start":{"line":391,"column":6},"end":{"line":391,"column":33}},"164":{"start":{"line":394,"column":4},"end":{"line":398,"column":7}},"165":{"start":{"line":402,"column":20},"end":{"line":402,"column":40}},"166":{"start":{"line":403,"column":18},"end":{"line":403,"column":41}},"167":{"start":{"line":406,"column":27},"end":{"line":423,"column":3}},"168":{"start":{"line":407,"column":19},"end":{"line":407,"column":36}},"169":{"start":{"line":409,"column":4},"end":{"line":422,"column":5}},"170":{"start":{"line":411,"column":8},"end":{"line":411,"column":86}},"171":{"start":{"line":411,"column":37},"end":{"line":411,"column":84}},"172":{"start":{"line":413,"column":8},"end":{"line":413,"column":58}},"173":{"start":{"line":413,"column":37},"end":{"line":413,"column":56}},"174":{"start":{"line":415,"column":8},"end":{"line":419,"column":11}},"175":{"start":{"line":416,"column":28},"end":{"line":416,"column":102}},"176":{"start":{"line":416,"column":54},"end":{"line":416,"column":76}},"177":{"start":{"line":417,"column":28},"end":{"line":417,"column":102}},"178":{"start":{"line":417,"column":54},"end":{"line":417,"column":76}},"179":{"start":{"line":418,"column":10},"end":{"line":418,"column":52}},"180":{"start":{"line":421,"column":8},"end":{"line":421,"column":22}},"181":{"start":{"line":425,"column":2},"end":{"line":432,"column":3}},"182":{"start":{"line":426,"column":4},"end":{"line":431,"column":6}},"183":{"start":{"line":434,"column":2},"end":{"line":1070,"column":4}},"184":{"start":{"line":447,"column":31},"end":{"line":447,"column":62}},"185":{"start":{"line":452,"column":16},"end":{"line":454,"column":25}},"186":{"start":{"line":467,"column":31},"end":{"line":467,"column":63}},"187":{"start":{"line":474,"column":16},"end":{"line":476,"column":25}},"188":{"start":{"line":484,"column":29},"end":{"line":484,"column":57}},"189":{"start":{"line":579,"column":43},"end":{"line":579,"column":50}},"190":{"start":{"line":588,"column":54},"end":{"line":588,"column":61}},"191":{"start":{"line":588,"column":82},"end":{"line":588,"column":96}},"192":{"start":{"line":607,"column":35},"end":{"line":607,"column":60}},"193":{"start":{"line":649,"column":39},"end":{"line":649,"column":70}},"194":{"start":{"line":654,"column":24},"end":{"line":656,"column":33}},"195":{"start":{"line":663,"column":39},"end":{"line":663,"column":71}},"196":{"start":{"line":670,"column":24},"end":{"line":672,"column":33}},"197":{"start":{"line":688,"column":39},"end":{"line":688,"column":94}},"198":{"start":{"line":688,"column":65},"end":{"line":688,"column":93}},"199":{"start":{"line":689,"column":36},"end":{"line":689,"column":73}},"200":{"start":{"line":690,"column":22},"end":{"line":742,"column":24}},"201":{"start":{"line":769,"column":39},"end":{"line":769,"column":70}},"202":{"start":{"line":774,"column":24},"end":{"line":776,"column":33}},"203":{"start":{"line":783,"column":39},"end":{"line":783,"column":71}},"204":{"start":{"line":790,"column":24},"end":{"line":792,"column":33}},"205":{"start":{"line":808,"column":36},"end":{"line":808,"column":72}},"206":{"start":{"line":809,"column":39},"end":{"line":809,"column":93}},"207":{"start":{"line":809,"column":65},"end":{"line":809,"column":92}},"208":{"start":{"line":810,"column":22},"end":{"line":838,"column":24}},"209":{"start":{"line":923,"column":38},"end":{"line":923,"column":61}},"210":{"start":{"line":968,"column":48},"end":{"line":968,"column":68}},"211":{"start":{"line":972,"column":22},"end":{"line":972,"column":71}},"212":{"start":{"line":976,"column":55},"end":{"line":979,"column":21}},"213":{"start":{"line":1010,"column":28},"end":{"line":1010,"column":75}},"214":{"start":{"line":1013,"column":32},"end":{"line":1013,"column":66}},"215":{"start":{"line":1014,"column":28},"end":{"line":1014,"column":69}},"216":{"start":{"line":1015,"column":31},"end":{"line":1015,"column":90}},"217":{"start":{"line":1015,"column":57},"end":{"line":1015,"column":89}},"218":{"start":{"line":1016,"column":14},"end":{"line":1065,"column":16}}},"fnMap":{"0":{"name":"(anonymous_0)","decl":{"start":{"line":30,"column":18},"end":{"line":30,"column":19}},"loc":{"start":{"line":30,"column":24},"end":{"line":1071,"column":1}},"line":30},"1":{"name":"(anonymous_1)","decl":{"start":{"line":45,"column":12},"end":{"line":45,"column":13}},"loc":{"start":{"line":45,"column":18},"end":{"line":48,"column":3}},"line":45},"2":{"name":"(anonymous_2)","decl":{"start":{"line":51,"column":12},"end":{"line":51,"column":13}},"loc":{"start":{"line":51,"column":18},"end":{"line":56,"column":3}},"line":51},"3":{"name":"(anonymous_3)","decl":{"start":{"line":59,"column":12},"end":{"line":59,"column":13}},"loc":{"start":{"line":59,"column":18},"end":{"line":67,"column":3}},"line":59},"4":{"name":"(anonymous_4)","decl":{"start":{"line":70,"column":12},"end":{"line":70,"column":13}},"loc":{"start":{"line":70,"column":18},"end":{"line":102,"column":3}},"line":70},"5":{"name":"(anonymous_5)","decl":{"start":{"line":72,"column":31},"end":{"line":72,"column":32}},"loc":{"start":{"line":72,"column":37},"end":{"line":91,"column":5}},"line":72},"6":{"name":"(anonymous_6)","decl":{"start":{"line":76,"column":50},"end":{"line":76,"column":51}},"loc":{"start":{"line":76,"column":58},"end":{"line":83,"column":7}},"line":76},"7":{"name":"(anonymous_7)","decl":{"start":{"line":105,"column":38},"end":{"line":105,"column":39}},"loc":{"start":{"line":105,"column":44},"end":{"line":134,"column":3}},"line":105},"8":{"name":"(anonymous_8)","decl":{"start":{"line":109,"column":48},"end":{"line":109,"column":49}},"loc":{"start":{"line":109,"column":56},"end":{"line":122,"column":5}},"line":109},"9":{"name":"(anonymous_9)","decl":{"start":{"line":137,"column":28},"end":{"line":137,"column":29}},"loc":{"start":{"line":137,"column":34},"end":{"line":155,"column":3}},"line":137},"10":{"name":"(anonymous_10)","decl":{"start":{"line":141,"column":48},"end":{"line":141,"column":49}},"loc":{"start":{"line":141,"column":56},"end":{"line":147,"column":5}},"line":141},"11":{"name":"(anonymous_11)","decl":{"start":{"line":157,"column":28},"end":{"line":157,"column":29}},"loc":{"start":{"line":157,"column":40},"end":{"line":267,"column":3}},"line":157},"12":{"name":"(anonymous_12)","decl":{"start":{"line":231,"column":54},"end":{"line":231,"column":55}},"loc":{"start":{"line":231,"column":72},"end":{"line":231,"column":92}},"line":231},"13":{"name":"(anonymous_13)","decl":{"start":{"line":232,"column":51},"end":{"line":232,"column":52}},"loc":{"start":{"line":232,"column":68},"end":{"line":232,"column":87}},"line":232},"14":{"name":"(anonymous_14)","decl":{"start":{"line":269,"column":23},"end":{"line":269,"column":24}},"loc":{"start":{"line":269,"column":35},"end":{"line":272,"column":3}},"line":269},"15":{"name":"(anonymous_15)","decl":{"start":{"line":274,"column":27},"end":{"line":274,"column":28}},"loc":{"start":{"line":274,"column":43},"end":{"line":276,"column":3}},"line":274},"16":{"name":"(anonymous_16)","decl":{"start":{"line":279,"column":35},"end":{"line":279,"column":36}},"loc":{"start":{"line":279,"column":75},"end":{"line":298,"column":3}},"line":279},"17":{"name":"(anonymous_17)","decl":{"start":{"line":282,"column":28},"end":{"line":282,"column":29}},"loc":{"start":{"line":282,"column":36},"end":{"line":297,"column":5}},"line":282},"18":{"name":"(anonymous_18)","decl":{"start":{"line":304,"column":25},"end":{"line":304,"column":26}},"loc":{"start":{"line":304,"column":31},"end":{"line":313,"column":3}},"line":304},"19":{"name":"(anonymous_19)","decl":{"start":{"line":315,"column":27},"end":{"line":315,"column":28}},"loc":{"start":{"line":315,"column":44},"end":{"line":326,"column":3}},"line":315},"20":{"name":"(anonymous_20)","decl":{"start":{"line":329,"column":26},"end":{"line":329,"column":27}},"loc":{"start":{"line":329,"column":43},"end":{"line":337,"column":3}},"line":329},"21":{"name":"(anonymous_21)","decl":{"start":{"line":340,"column":27},"end":{"line":340,"column":28}},"loc":{"start":{"line":340,"column":43},"end":{"line":363,"column":3}},"line":340},"22":{"name":"(anonymous_22)","decl":{"start":{"line":366,"column":32},"end":{"line":366,"column":33}},"loc":{"start":{"line":366,"column":38},"end":{"line":380,"column":3}},"line":366},"23":{"name":"(anonymous_23)","decl":{"start":{"line":374,"column":40},"end":{"line":374,"column":41}},"loc":{"start":{"line":374,"column":62},"end":{"line":379,"column":5}},"line":374},"24":{"name":"(anonymous_24)","decl":{"start":{"line":379,"column":15},"end":{"line":379,"column":16}},"loc":{"start":{"line":379,"column":23},"end":{"line":379,"column":37}},"line":379},"25":{"name":"(anonymous_25)","decl":{"start":{"line":383,"column":29},"end":{"line":383,"column":30}},"loc":{"start":{"line":383,"column":35},"end":{"line":399,"column":3}},"line":383},"26":{"name":"(anonymous_26)","decl":{"start":{"line":406,"column":27},"end":{"line":406,"column":28}},"loc":{"start":{"line":406,"column":55},"end":{"line":423,"column":3}},"line":406},"27":{"name":"(anonymous_27)","decl":{"start":{"line":411,"column":27},"end":{"line":411,"column":28}},"loc":{"start":{"line":411,"column":37},"end":{"line":411,"column":84}},"line":411},"28":{"name":"(anonymous_28)","decl":{"start":{"line":413,"column":27},"end":{"line":413,"column":28}},"loc":{"start":{"line":413,"column":37},"end":{"line":413,"column":56}},"line":413},"29":{"name":"(anonymous_29)","decl":{"start":{"line":415,"column":27},"end":{"line":415,"column":28}},"loc":{"start":{"line":415,"column":37},"end":{"line":419,"column":9}},"line":415},"30":{"name":"(anonymous_30)","decl":{"start":{"line":416,"column":49},"end":{"line":416,"column":50}},"loc":{"start":{"line":416,"column":54},"end":{"line":416,"column":76}},"line":416},"31":{"name":"(anonymous_31)","decl":{"start":{"line":417,"column":49},"end":{"line":417,"column":50}},"loc":{"start":{"line":417,"column":54},"end":{"line":417,"column":76}},"line":417},"32":{"name":"(anonymous_32)","decl":{"start":{"line":447,"column":24},"end":{"line":447,"column":25}},"loc":{"start":{"line":447,"column":31},"end":{"line":447,"column":62}},"line":447},"33":{"name":"(anonymous_33)","decl":{"start":{"line":451,"column":39},"end":{"line":451,"column":40}},"loc":{"start":{"line":452,"column":16},"end":{"line":454,"column":25}},"line":452},"34":{"name":"(anonymous_34)","decl":{"start":{"line":467,"column":24},"end":{"line":467,"column":25}},"loc":{"start":{"line":467,"column":31},"end":{"line":467,"column":63}},"line":467},"35":{"name":"(anonymous_35)","decl":{"start":{"line":473,"column":49},"end":{"line":473,"column":50}},"loc":{"start":{"line":474,"column":16},"end":{"line":476,"column":25}},"line":474},"36":{"name":"(anonymous_36)","decl":{"start":{"line":484,"column":23},"end":{"line":484,"column":24}},"loc":{"start":{"line":484,"column":29},"end":{"line":484,"column":57}},"line":484},"37":{"name":"(anonymous_37)","decl":{"start":{"line":579,"column":38},"end":{"line":579,"column":39}},"loc":{"start":{"line":579,"column":43},"end":{"line":579,"column":50}},"line":579},"38":{"name":"(anonymous_38)","decl":{"start":{"line":588,"column":49},"end":{"line":588,"column":50}},"loc":{"start":{"line":588,"column":54},"end":{"line":588,"column":61}},"line":588},"39":{"name":"(anonymous_39)","decl":{"start":{"line":588,"column":70},"end":{"line":588,"column":71}},"loc":{"start":{"line":588,"column":82},"end":{"line":588,"column":96}},"line":588},"40":{"name":"(anonymous_40)","decl":{"start":{"line":607,"column":28},"end":{"line":607,"column":29}},"loc":{"start":{"line":607,"column":35},"end":{"line":607,"column":60}},"line":607},"41":{"name":"(anonymous_41)","decl":{"start":{"line":649,"column":32},"end":{"line":649,"column":33}},"loc":{"start":{"line":649,"column":39},"end":{"line":649,"column":70}},"line":649},"42":{"name":"(anonymous_42)","decl":{"start":{"line":653,"column":47},"end":{"line":653,"column":48}},"loc":{"start":{"line":654,"column":24},"end":{"line":656,"column":33}},"line":654},"43":{"name":"(anonymous_43)","decl":{"start":{"line":663,"column":32},"end":{"line":663,"column":33}},"loc":{"start":{"line":663,"column":39},"end":{"line":663,"column":71}},"line":663},"44":{"name":"(anonymous_44)","decl":{"start":{"line":669,"column":57},"end":{"line":669,"column":58}},"loc":{"start":{"line":670,"column":24},"end":{"line":672,"column":33}},"line":670},"45":{"name":"(anonymous_45)","decl":{"start":{"line":687,"column":25},"end":{"line":687,"column":26}},"loc":{"start":{"line":687,"column":45},"end":{"line":743,"column":21}},"line":687},"46":{"name":"(anonymous_46)","decl":{"start":{"line":688,"column":60},"end":{"line":688,"column":61}},"loc":{"start":{"line":688,"column":65},"end":{"line":688,"column":93}},"line":688},"47":{"name":"(anonymous_47)","decl":{"start":{"line":769,"column":32},"end":{"line":769,"column":33}},"loc":{"start":{"line":769,"column":39},"end":{"line":769,"column":70}},"line":769},"48":{"name":"(anonymous_48)","decl":{"start":{"line":773,"column":47},"end":{"line":773,"column":48}},"loc":{"start":{"line":774,"column":24},"end":{"line":776,"column":33}},"line":774},"49":{"name":"(anonymous_49)","decl":{"start":{"line":783,"column":32},"end":{"line":783,"column":33}},"loc":{"start":{"line":783,"column":39},"end":{"line":783,"column":71}},"line":783},"50":{"name":"(anonymous_50)","decl":{"start":{"line":789,"column":57},"end":{"line":789,"column":58}},"loc":{"start":{"line":790,"column":24},"end":{"line":792,"column":33}},"line":790},"51":{"name":"(anonymous_51)","decl":{"start":{"line":807,"column":25},"end":{"line":807,"column":26}},"loc":{"start":{"line":807,"column":44},"end":{"line":839,"column":21}},"line":807},"52":{"name":"(anonymous_52)","decl":{"start":{"line":809,"column":60},"end":{"line":809,"column":61}},"loc":{"start":{"line":809,"column":65},"end":{"line":809,"column":92}},"line":809},"53":{"name":"(anonymous_53)","decl":{"start":{"line":923,"column":27},"end":{"line":923,"column":28}},"loc":{"start":{"line":923,"column":38},"end":{"line":923,"column":61}},"line":923},"54":{"name":"(anonymous_54)","decl":{"start":{"line":968,"column":27},"end":{"line":968,"column":28}},"loc":{"start":{"line":968,"column":48},"end":{"line":968,"column":68}},"line":968},"55":{"name":"(anonymous_55)","decl":{"start":{"line":971,"column":33},"end":{"line":971,"column":34}},"loc":{"start":{"line":972,"column":22},"end":{"line":972,"column":71}},"line":972},"56":{"name":"(anonymous_56)","decl":{"start":{"line":976,"column":31},"end":{"line":976,"column":32}},"loc":{"start":{"line":976,"column":55},"end":{"line":979,"column":21}},"line":976},"57":{"name":"(anonymous_57)","decl":{"start":{"line":1010,"column":18},"end":{"line":1010,"column":19}},"loc":{"start":{"line":1010,"column":28},"end":{"line":1010,"column":75}},"line":1010},"58":{"name":"(anonymous_58)","decl":{"start":{"line":1012,"column":17},"end":{"line":1012,"column":18}},"loc":{"start":{"line":1012,"column":41},"end":{"line":1066,"column":13}},"line":1012},"59":{"name":"(anonymous_59)","decl":{"start":{"line":1015,"column":52},"end":{"line":1015,"column":53}},"loc":{"start":{"line":1015,"column":57},"end":{"line":1015,"column":89}},"line":1015}},"branchMap":{"0":{"loc":{"start":{"line":52,"column":4},"end":{"line":54,"column":5}},"type":"if","locations":[{"start":{"line":52,"column":4},"end":{"line":54,"column":5}},{"start":{},"end":{}}],"line":52},"1":{"loc":{"start":{"line":60,"column":4},"end":{"line":65,"column":5}},"type":"if","locations":[{"start":{"line":60,"column":4},"end":{"line":65,"column":5}},{"start":{},"end":{}}],"line":60},"2":{"loc":{"start":{"line":60,"column":8},"end":{"line":60,"column":37}},"type":"binary-expr","locations":[{"start":{"line":60,"column":8},"end":{"line":60,"column":20}},{"start":{"line":60,"column":24},"end":{"line":60,"column":37}}],"line":60},"3":{"loc":{"start":{"line":62,"column":6},"end":{"line":64,"column":7}},"type":"if","locations":[{"start":{"line":62,"column":6},"end":{"line":64,"column":7}},{"start":{},"end":{}}],"line":62},"4":{"loc":{"start":{"line":77,"column":8},"end":{"line":82,"column":9}},"type":"if","locations":[{"start":{"line":77,"column":8},"end":{"line":82,"column":9}},{"start":{},"end":{}}],"line":77},"5":{"loc":{"start":{"line":93,"column":4},"end":{"line":101,"column":5}},"type":"if","locations":[{"start":{"line":93,"column":4},"end":{"line":101,"column":5}},{"start":{},"end":{}}],"line":93},"6":{"loc":{"start":{"line":93,"column":8},"end":{"line":93,"column":79}},"type":"binary-expr","locations":[{"start":{"line":93,"column":8},"end":{"line":93,"column":22}},{"start":{"line":93,"column":27},"end":{"line":93,"column":51}},{"start":{"line":93,"column":55},"end":{"line":93,"column":78}}],"line":93},"7":{"loc":{"start":{"line":98,"column":6},"end":{"line":100,"column":7}},"type":"if","locations":[{"start":{"line":98,"column":6},"end":{"line":100,"column":7}},{"start":{},"end":{}}],"line":98},"8":{"loc":{"start":{"line":110,"column":6},"end":{"line":121,"column":7}},"type":"if","locations":[{"start":{"line":110,"column":6},"end":{"line":121,"column":7}},{"start":{},"end":{}}],"line":110},"9":{"loc":{"start":{"line":115,"column":8},"end":{"line":117,"column":9}},"type":"if","locations":[{"start":{"line":115,"column":8},"end":{"line":117,"column":9}},{"start":{},"end":{}}],"line":115},"10":{"loc":{"start":{"line":115,"column":12},"end":{"line":115,"column":53}},"type":"binary-expr","locations":[{"start":{"line":115,"column":12},"end":{"line":115,"column":24}},{"start":{"line":115,"column":28},"end":{"line":115,"column":53}}],"line":115},"11":{"loc":{"start":{"line":127,"column":4},"end":{"line":130,"column":5}},"type":"if","locations":[{"start":{"line":127,"column":4},"end":{"line":130,"column":5}},{"start":{},"end":{}}],"line":127},"12":{"loc":{"start":{"line":127,"column":8},"end":{"line":127,"column":53}},"type":"binary-expr","locations":[{"start":{"line":127,"column":8},"end":{"line":127,"column":21}},{"start":{"line":127,"column":25},"end":{"line":127,"column":53}}],"line":127},"13":{"loc":{"start":{"line":142,"column":6},"end":{"line":146,"column":7}},"type":"if","locations":[{"start":{"line":142,"column":6},"end":{"line":146,"column":7}},{"start":{},"end":{}}],"line":142},"14":{"loc":{"start":{"line":163,"column":6},"end":{"line":163,"column":57}},"type":"if","locations":[{"start":{"line":163,"column":6},"end":{"line":163,"column":57}},{"start":{},"end":{}}],"line":163},"15":{"loc":{"start":{"line":164,"column":6},"end":{"line":168,"column":7}},"type":"if","locations":[{"start":{"line":164,"column":6},"end":{"line":168,"column":7}},{"start":{},"end":{}}],"line":164},"16":{"loc":{"start":{"line":182,"column":26},"end":{"line":182,"column":54}},"type":"binary-expr","locations":[{"start":{"line":182,"column":26},"end":{"line":182,"column":48}},{"start":{"line":182,"column":52},"end":{"line":182,"column":54}}],"line":182},"17":{"loc":{"start":{"line":183,"column":29},"end":{"line":183,"column":56}},"type":"binary-expr","locations":[{"start":{"line":183,"column":29},"end":{"line":183,"column":50}},{"start":{"line":183,"column":54},"end":{"line":183,"column":56}}],"line":183},"18":{"loc":{"start":{"line":184,"column":31},"end":{"line":184,"column":60}},"type":"binary-expr","locations":[{"start":{"line":184,"column":31},"end":{"line":184,"column":54}},{"start":{"line":184,"column":58},"end":{"line":184,"column":60}}],"line":184},"19":{"loc":{"start":{"line":185,"column":38},"end":{"line":185,"column":106}},"type":"binary-expr","locations":[{"start":{"line":185,"column":38},"end":{"line":185,"column":70}},{"start":{"line":185,"column":74},"end":{"line":185,"column":100}},{"start":{"line":185,"column":104},"end":{"line":185,"column":106}}],"line":185},"20":{"loc":{"start":{"line":190,"column":23},"end":{"line":190,"column":58}},"type":"binary-expr","locations":[{"start":{"line":190,"column":23},"end":{"line":190,"column":53}},{"start":{"line":190,"column":57},"end":{"line":190,"column":58}}],"line":190},"21":{"loc":{"start":{"line":191,"column":25},"end":{"line":191,"column":62}},"type":"binary-expr","locations":[{"start":{"line":191,"column":25},"end":{"line":191,"column":57}},{"start":{"line":191,"column":61},"end":{"line":191,"column":62}}],"line":191},"22":{"loc":{"start":{"line":192,"column":19},"end":{"line":192,"column":50}},"type":"binary-expr","locations":[{"start":{"line":192,"column":19},"end":{"line":192,"column":45}},{"start":{"line":192,"column":49},"end":{"line":192,"column":50}}],"line":192},"23":{"loc":{"start":{"line":195,"column":20},"end":{"line":195,"column":47}},"type":"binary-expr","locations":[{"start":{"line":195,"column":20},"end":{"line":195,"column":41}},{"start":{"line":195,"column":45},"end":{"line":195,"column":47}}],"line":195},"24":{"loc":{"start":{"line":199,"column":22},"end":{"line":199,"column":87}},"type":"cond-expr","locations":[{"start":{"line":199,"column":61},"end":{"line":199,"column":82}},{"start":{"line":199,"column":85},"end":{"line":199,"column":87}}],"line":199},"25":{"loc":{"start":{"line":202,"column":28},"end":{"line":202,"column":51}},"type":"binary-expr","locations":[{"start":{"line":202,"column":28},"end":{"line":202,"column":45}},{"start":{"line":202,"column":49},"end":{"line":202,"column":51}}],"line":202},"26":{"loc":{"start":{"line":203,"column":27},"end":{"line":203,"column":53}},"type":"binary-expr","locations":[{"start":{"line":203,"column":27},"end":{"line":203,"column":47}},{"start":{"line":203,"column":51},"end":{"line":203,"column":53}}],"line":203},"27":{"loc":{"start":{"line":204,"column":31},"end":{"line":204,"column":62}},"type":"binary-expr","locations":[{"start":{"line":204,"column":31},"end":{"line":204,"column":56}},{"start":{"line":204,"column":60},"end":{"line":204,"column":62}}],"line":204},"28":{"loc":{"start":{"line":219,"column":29},"end":{"line":219,"column":91}},"type":"binary-expr","locations":[{"start":{"line":219,"column":29},"end":{"line":219,"column":60}},{"start":{"line":219,"column":64},"end":{"line":219,"column":85}},{"start":{"line":219,"column":89},"end":{"line":219,"column":91}}],"line":219},"29":{"loc":{"start":{"line":220,"column":28},"end":{"line":220,"column":87}},"type":"binary-expr","locations":[{"start":{"line":220,"column":28},"end":{"line":220,"column":57}},{"start":{"line":220,"column":61},"end":{"line":220,"column":81}},{"start":{"line":220,"column":85},"end":{"line":220,"column":87}}],"line":220},"30":{"loc":{"start":{"line":221,"column":31},"end":{"line":221,"column":93}},"type":"binary-expr","locations":[{"start":{"line":221,"column":31},"end":{"line":221,"column":60}},{"start":{"line":221,"column":64},"end":{"line":221,"column":87}},{"start":{"line":221,"column":91},"end":{"line":221,"column":93}}],"line":221},"31":{"loc":{"start":{"line":223,"column":25},"end":{"line":223,"column":72}},"type":"cond-expr","locations":[{"start":{"line":223,"column":55},"end":{"line":223,"column":67}},{"start":{"line":223,"column":70},"end":{"line":223,"column":72}}],"line":223},"32":{"loc":{"start":{"line":
[...]
":4},"end":{"line":78,"column":6}},"18":{"start":{"line":81,"column":22},"end":{"line":84,"column":4}},"19":{"start":{"line":81,"column":34},"end":{"line":84,"column":3}},"20":{"start":{"line":86,"column":22},"end":{"line":89,"column":4}},"21":{"start":{"line":86,"column":34},"end":{"line":89,"column":3}},"22":{"start":{"line":91,"column":33},"end":{"line":94,"column":4}},"23":{"start":{"line":91,"column":45},"end":{"line":94,"column":3}},"24":{"start":{"line":96,"column":35},"end":{"line":99,"column":3}},"25":{"start":{"line":101,"column":24},"end":{"line":104,"column":3}},"26":{"start":{"line":106,"column":19},"end":{"line":109,"column":3}},"27":{"start":{"line":111,"column":37},"end":{"line":126,"column":3}},"28":{"start":{"line":112,"column":4},"end":{"line":112,"column":41}},"29":{"start":{"line":112,"column":16},"end":{"line":112,"column":41}},"30":{"start":{"line":114,"column":17},"end":{"line":114,"column":32}},"31":{"start":{"line":115,"column":18},"end":{"line":115,"column":56}},"32":{"start":{"line":116,"column":16},"end":{"line":116,"column":50}},"33":{"start":{"line":118,"column":18},"end":{"line":118,"column":22}},"34":{"start":{"line":119,"column":4},"end":{"line":119,"column":47}},"35":{"start":{"line":119,"column":31},"end":{"line":119,"column":47}},"36":{"start":{"line":120,"column":4},"end":{"line":120,"column":43}},"37":{"start":{"line":120,"column":27},"end":{"line":120,"column":43}},"38":{"start":{"line":122,"column":4},"end":{"line":125,"column":6}},"39":{"start":{"line":128,"column":36},"end":{"line":131,"column":4}},"40":{"start":{"line":128,"column":48},"end":{"line":131,"column":3}},"41":{"start":{"line":137,"column":30},"end":{"line":156,"column":1}},"42":{"start":{"line":138,"column":17},"end":{"line":138,"column":19}},"43":{"start":{"line":139,"column":16},"end":{"line":139,"column":20}},"44":{"start":{"line":141,"column":2},"end":{"line":153,"column":5}},"45":{"start":{"line":142,"column":18},"end":{"line":142,"column":29}},"46":{"start":{"line":143,"column":23},"end":{"line":143,"column":82}},"47":{"start":{"line":145,"column":4},"end":{"line":152,"column":5}},"48":{"start":{"line":146,"column":21},"end":{"line":146,"column":32}},"49":{"start":{"line":147,"column":6},"end":{"line":151,"column":7}},"50":{"start":{"line":148,"column":8},"end":{"line":148,"column":39}},"51":{"start":{"line":149,"column":8},"end":{"line":149,"column":24}},"52":{"start":{"line":150,"column":8},"end":{"line":150,"column":14}},"53":{"start":{"line":155,"column":2},"end":{"line":155,"column":29}},"54":{"start":{"line":161,"column":23},"end":{"line":225,"column":1}},"55":{"start":{"line":230,"column":26},"end":{"line":256,"column":1}},"56":{"start":{"line":231,"column":22},"end":{"line":237,"column":3}},"57":{"start":{"line":239,"column":21},"end":{"line":243,"column":3}},"58":{"start":{"line":245,"column":23},"end":{"line":248,"column":3}},"59":{"start":{"line":250,"column":19},"end":{"line":255,"column":3}},"60":{"start":{"line":261,"column":35},"end":{"line":278,"column":1}},"61":{"start":{"line":263,"column":24},"end":{"line":263,"column":72}},"62":{"start":{"line":266,"column":17},"end":{"line":266,"column":30}},"63":{"start":{"line":267,"column":2},"end":{"line":269,"column":3}},"64":{"start":{"line":268,"column":4},"end":{"line":268,"column":62}},"65":{"start":{"line":271,"column":21},"end":{"line":271,"column":58}},"66":{"start":{"line":273,"column":2},"end":{"line":277,"column":4}},"67":{"start":{"line":285,"column":4},"end":{"line":285,"column":30}},"68":{"start":{"line":286,"column":4},"end":{"line":286,"column":32}},"69":{"start":{"line":287,"column":4},"end":{"line":287,"column":25}},"70":{"start":{"line":291,"column":16},"end":{"line":291,"column":26}},"71":{"start":{"line":292,"column":25},"end":{"line":292,"column":82}},"72":{"start":{"line":295,"column":4},"end":{"line":297,"column":5}},"73":{"start":{"line":296,"column":6},"end":{"line":296,"column":29}},"74":{"start":{"line":299,"column":4},"end":{"line":299,"column":49}},"75":{"start":{"line":303,"column":16},"end":{"line":303,"column":26}},"76":{"start":{"line":304,"column":25},"end":{"line":304,"column":82}},"77":{"start":{"line":306,"column":4},"end":{"line":306,"column":25}},"78":{"start":{"line":307,"column":4},"end":{"line":307,"column":35}},"79":{"start":{"line":309,"column":4},"end":{"line":309,"column":44}},"80":{"start":{"line":313,"column":25},"end":{"line":313,"column":50}},"81":{"start":{"line":314,"column":4},"end":{"line":316,"column":5}},"82":{"start":{"line":315,"column":6},"end":{"line":315,"column":15}},"83":{"start":{"line":318,"column":20},"end":{"line":318,"column":57}},"84":{"start":{"line":319,"column":4},"end":{"line":319,"column":54}},"85":{"start":{"line":323,"column":29},"end":{"line":323,"column":48}}},"fnMap":{"0":{"name":"(anonymous_0)","decl":{"start":{"line":21,"column":28},"end":{"line":21,"column":29}},"loc":{"start":{"line":21,"column":39},"end":{"line":32,"column":1}},"line":21},"1":{"name":"(anonymous_1)","decl":{"start":{"line":37,"column":28},"end":{"line":37,"column":29}},"loc":{"start":{"line":37,"column":39},"end":{"line":44,"column":1}},"line":37},"2":{"name":"(anonymous_2)","decl":{"start":{"line":50,"column":12},"end":{"line":50,"column":13}},"loc":{"start":{"line":50,"column":24},"end":{"line":53,"column":3}},"line":50},"3":{"name":"(anonymous_3)","decl":{"start":{"line":55,"column":9},"end":{"line":55,"column":10}},"loc":{"start":{"line":55,"column":21},"end":{"line":58,"column":3}},"line":55},"4":{"name":"(anonymous_4)","decl":{"start":{"line":60,"column":9},"end":{"line":60,"column":10}},"loc":{"start":{"line":60,"column":21},"end":{"line":63,"column":3}},"line":60},"5":{"name":"(anonymous_5)","decl":{"start":{"line":65,"column":12},"end":{"line":65,"column":13}},"loc":{"start":{"line":65,"column":23},"end":{"line":71,"column":3}},"line":65},"6":{"name":"(anonymous_6)","decl":{"start":{"line":73,"column":18},"end":{"line":73,"column":19}},"loc":{"start":{"line":73,"column":29},"end":{"line":79,"column":3}},"line":73},"7":{"name":"(anonymous_7)","decl":{"start":{"line":81,"column":13},"end":{"line":81,"column":14}},"loc":{"start":{"line":81,"column":22},"end":{"line":84,"column":4}},"line":81},"8":{"name":"(anonymous_8)","decl":{"start":{"line":81,"column":22},"end":{"line":81,"column":23}},"loc":{"start":{"line":81,"column":34},"end":{"line":84,"column":3}},"line":81},"9":{"name":"(anonymous_9)","decl":{"start":{"line":86,"column":13},"end":{"line":86,"column":14}},"loc":{"start":{"line":86,"column":22},"end":{"line":89,"column":4}},"line":86},"10":{"name":"(anonymous_10)","decl":{"start":{"line":86,"column":22},"end":{"line":86,"column":23}},"loc":{"start":{"line":86,"column":34},"end":{"line":89,"column":3}},"line":86},"11":{"name":"(anonymous_11)","decl":{"start":{"line":91,"column":11},"end":{"line":91,"column":12}},"loc":{"start":{"line":91,"column":33},"end":{"line":94,"column":4}},"line":91},"12":{"name":"(anonymous_12)","decl":{"start":{"line":91,"column":33},"end":{"line":91,"column":34}},"loc":{"start":{"line":91,"column":45},"end":{"line":94,"column":3}},"line":91},"13":{"name":"(anonymous_13)","decl":{"start":{"line":96,"column":23},"end":{"line":96,"column":24}},"loc":{"start":{"line":96,"column":35},"end":{"line":99,"column":3}},"line":96},"14":{"name":"(anonymous_14)","decl":{"start":{"line":101,"column":12},"end":{"line":101,"column":13}},"loc":{"start":{"line":101,"column":24},"end":{"line":104,"column":3}},"line":101},"15":{"name":"(anonymous_15)","decl":{"start":{"line":106,"column":7},"end":{"line":106,"column":8}},"loc":{"start":{"line":106,"column":19},"end":{"line":109,"column":3}},"line":106},"16":{"name":"(anonymous_16)","decl":{"start":{"line":111,"column":13},"end":{"line":111,"column":14}},"loc":{"start":{"line":111,"column":37},"end":{"line":126,"column":3}},"line":111},"17":{"name":"(anonymous_17)","decl":{"start":{"line":111,"column":37},"end":{"line":111,"column":38}},"loc":{"start":{"line":111,"column":48},"end":{"line":126,"column":3}},"line":111},"18":{"name":"(anonymous_18)","decl":{"start":{"line":128,"column":10},"end":{"line":128,"column":11}},"loc":{"start":{"line":128,"column":36},"end":{"line":131,"column":4}},"line":128},"19":{"name":"(anonymous_19)","decl":{"start":{"line":128,"column":36},"end":{"line":128,"column":37}},"loc":{"start":{"line":128,"column":48},"end":{"line":131,"column":3}},"line":128},"20":{"name":"(anonymous_20)","decl":{"start":{"line":137,"column":30},"end":{"line":137,"column":31}},"loc":{"start":{"line":137,"column":47},"end":{"line":156,"column":1}},"line":137},"21":{"name":"(anonymous_21)","decl":{"start":{"line":141,"column":29},"end":{"line":141,"column":30}},"loc":{"start":{"line":141,"column":38},"end":{"line":153,"column":3}},"line":141},"22":{"name":"(anonymous_22)","decl":{"start":{"line":231,"column":11},"end":{"line":231,"column":12}},"loc":{"start":{"line":231,"column":22},"end":{"line":237,"column":3}},"line":231},"23":{"name":"(anonymous_23)","decl":{"start":{"line":239,"column":10},"end":{"line":239,"column":11}},"loc":{"start":{"line":239,"column":21},"end":{"line":243,"column":3}},"line":239},"24":{"name":"(anonymous_24)","decl":{"start":{"line":245,"column":12},"end":{"line":245,"column":13}},"loc":{"start":{"line":245,"column":23},"end":{"line":248,"column":3}},"line":245},"25":{"name":"(anonymous_25)","decl":{"start":{"line":250,"column":8},"end":{"line":250,"column":9}},"loc":{"start":{"line":250,"column":19},"end":{"line":255,"column":3}},"line":250},"26":{"name":"(anonymous_26)","decl":{"start":{"line":261,"column":35},"end":{"line":261,"column":36}},"loc":{"start":{"line":261,"column":51},"end":{"line":278,"column":1}},"line":261},"27":{"name":"(anonymous_27)","decl":{"start":{"line":284,"column":2},"end":{"line":284,"column":3}},"loc":{"start":{"line":284,"column":16},"end":{"line":288,"column":3}},"line":284},"28":{"name":"(anonymous_28)","decl":{"start":{"line":290,"column":2},"end":{"line":290,"column":3}},"loc":{"start":{"line":290,"column":20},"end":{"line":300,"column":3}},"line":290},"29":{"name":"(anonymous_29)","decl":{"start":{"line":302,"column":2},"end":{"line":302,"column":3}},"loc":{"start":{"line":302,"column":24},"end":{"line":310,"column":3}},"line":302},"30":{"name":"(anonymous_30)","decl":{"start":{"line":312,"column":2},"end":{"line":312,"column":3}},"loc":{"start":{"line":312,"column":31},"end":{"line":320,"column":3}},"line":312}},"branchMap":{"0":{"loc":{"start":{"line":22,"column":2},"end":{"line":22,"column":43}},"type":"if","locations":[{"start":{"line":22,"column":2},"end":{"line":22,"column":43}},{"start":{},"end":{}}],"line":22},"1":{"loc":{"start":{"line":38,"column":2},"end":{"line":38,"column":43}},"type":"if","locations":[{"start":{"line":38,"column":2},"end":{"line":38,"column":43}},{"start":{},"end":{}}],"line":38},"2":{"loc":{"start":{"line":51,"column":13},"end":{"line":51,"column":73}},"type":"binary-expr","locations":[{"start":{"line":51,"column":13},"end":{"line":51,"column":26}},{"start":{"line":51,"column":30},"end":{"line":51,"column":42}},{"start":{"line":51,"column":46},"end":{"line":51,"column":73}}],"line":51},"3":{"loc":{"start":{"line":56,"column":13},"end":{"line":56,"column":49}},"type":"binary-expr","locations":[{"start":{"line":56,"column":13},"end":{"line":56,"column":19}},{"start":{"line":56,"column":23},"end":{"line":56,"column":49}}],"line":56},"4":{"loc":{"start":{"line":61,"column":13},"end":{"line":61,"column":49}},"type":"binary-expr","locations":[{"start":{"line":61,"column":13},"end":{"line":61,"column":19}},{"start":{"line":61,"column":23},"end":{"line":61,"column":49}}],"line":61},"5":{"loc":{"start":{"line":68,"column":15},"end":{"line":68,"column":73}},"type":"binary-expr","locations":[{"start":{"line":68,"column":15},"end":{"line":68,"column":21}},{"start":{"line":68,"column":26},"end":{"line":68,"column":55}},{"start":{"line":68,"column":59},"end":{"line":68,"column":72}}],"line":68},"6":{"loc":{"start":{"line":76,"column":15},"end":{"line":76,"column":59}},"type":"binary-expr","locations":[{"start":{"line":76,"column":15},"end":{"line":76,"column":21}},{"start":{"line":76,"column":26},"end":{"line":76,"column":42}},{"start":{"line":76,"column":46},"end":{"line":76,"column":58}}],"line":76},"7":{"loc":{"start":{"line":82,"column":13},"end":{"line":82,"column":42}},"type":"binary-expr","locations":[{"start":{"line":82,"column":13},"end":{"line":82,"column":19}},{"start":{"line":82,"column":23},"end":{"line":82,"column":42}}],"line":82},"8":{"loc":{"start":{"line":87,"column":13},"end":{"line":87,"column":42}},"type":"binary-expr","locations":[{"start":{"line":87,"column":13},"end":{"line":87,"column":19}},{"start":{"line":87,"column":23},"end":{"line":87,"column":42}}],"line":87},"9":{"loc":{"start":{"line":92,"column":13},"end":{"line":92,"column":42}},"type":"binary-expr","locations":[{"start":{"line":92,"column":13},"end":{"line":92,"column":19}},{"start":{"line":92,"column":23},"end":{"line":92,"column":42}}],"line":92},"10":{"loc":{"start":{"line":97,"column":13},"end":{"line":97,"column":63}},"type":"binary-expr","locations":[{"start":{"line":97,"column":13},"end":{"line":97,"column":19}},{"start":{"line":97,"column":23},"end":{"line":97,"column":63}}],"line":97},"11":{"loc":{"start":{"line":102,"column":13},"end":{"line":102,"column":52}},"type":"binary-expr","locations":[{"start":{"line":102,"column":13},"end":{"line":102,"column":19}},{"start":{"line":102,"column":23},"end":{"line":102,"column":52}}],"line":102},"12":{"loc":{"start":{"line":107,"column":13},"end":{"line":107,"column":47}},"type":"binary-expr","locations":[{"start":{"line":107,"column":13},"end":{"line":107,"column":19}},{"start":{"line":107,"column":23},"end":{"line":107,"column":47}}],"line":107},"13":{"loc":{"start":{"line":112,"column":4},"end":{"line":112,"column":41}},"type":"if","locations":[{"start":{"line":112,"column":4},"end":{"line":112,"column":41}},{"start":{},"end":{}}],"line":112},"14":{"loc":{"start":{"line":115,"column":18},"end":{"line":115,"column":56}},"type":"cond-expr","locations":[{"start":{"line":115,"column":30},"end":{"line":115,"column":49}},{"start":{"line":115,"column":52},"end":{"line":115,"column":56}}],"line":115},"15":{"loc":{"start":{"line":116,"column":16},"end":{"line":116,"column":50}},"type":"cond-expr","locations":[{"start":{"line":116,"column":26},"end":{"line":116,"column":43}},{"start":{"line":116,"column":46},"end":{"line":116,"column":50}}],"line":116},"16":{"loc":{"start":{"line":119,"column":4},"end":{"line":119,"column":47}},"type":"if","locations":[{"start":{"line":119,"column":4},"end":{"line":119,"column":47}},{"start":{},"end":{}}],"line":119},"17":{"loc":{"start":{"line":119,"column":8},"end":{"line":119,"column":29}},"type":"binary-expr","locations":[{"start":{"line":119,"column":8},"end":{"line":119,"column":13}},{"start":{"line":119,"column":17},"end":{"line":119,"column":29}}],"line":119},"18":{"loc":{"start":{"line":120,"column":4},"end":{"line":120,"column":43}},"type":"if","locations":[{"start":{"line":120,"column":4},"end":{"line":120,"column":43}},{"start":{},"end":{}}],"line":120},"19":{"loc":{"start":{"line":120,"column":8},"end":{"line":120,"column":25}},"type":"binary-expr","locations":[{"start":{"line":120,"column":8},"end":{"line":120,"column":11}},{"start":{"line":120,"column":15},"end":{"line":120,"column":25}}],"line":120},"20":{"loc":{"start":{"line":143,"column":23},"end":{"line":143,"column":82}},"type":"cond-expr","locations":[{"start":{"line":143,"column":53},"end":{"line":143,"column":65}},{"start":{"line":143,"column":68},"end":{"line":143,"column":82}}],"line":143},"21":{"loc":{"start":{"line":147,"column":6},"end":{"line":151,"column":7}},"type":"if","locations":[{"start":{"line":147,"column":6},"end":{"line":151,"column":7}},{"start":{},"end":{}}],"line":147},"22":{"loc":{"start":{"line":233,"column":12},"end":{"line":233,"column":40}},"type":"binary-expr","locations":[{"start":{"line":233,"column":12},"end":{"line":233,"column":35}},{"start":{"line":233,"column":39},"end":{"line":233,"column":40}}],"line":233},"23":{"loc":{"start":{"line":234,"column":17},"end":{"line":234,"column":51}},"type":"binary-expr","locations":[{"start":{"line":234,"column":17},"end":{"line":234,"column":43}},{"start":{"line":234,"column":47},"end":{"line":234,"column":51}}],"line":234},"24":{"loc":{"start":{"line":235,"column":14},"end":{"line":235,"column":88}},"type":"cond-expr","locations":[{"start":{"line":235,"column":30},"end":{"line":235,"column":81}},{"start":{"line":235,"column":84},"end":{"line":235,"column":88}}],"line":235},"25":{"loc":{"start":{"line":241,"column":12},"end":{"line":241,"column":40}},"type":"binary-expr","locations":[{"start":{"line":241,"column":12},"end":{"line":241,"column":35}},{"start":{"line":241,"column":39},"end":{"line":241,"column":40}}],"line":241},"26":{"loc":{"start":{"line":242,"column":17},"end":{"line":242,"column":51}},"type":"binary-expr","locations":[{"start":{"line":242,"column":17},"end":{"line":242,"column":43}},{"start":{"line":242,"column":47},"end":{"line":242,"column":51}}],"line":242},"27":{"loc":{"start":{"line":263,"column":24},"end":{"line":263,"column":72}},"type":"cond-expr","locations":[{"start":{"line":263,"column":43},"end":{"line":263,"column":65}},{"start":{"line":263,"column":68},"end":{"line":263,"column":72}}],"line":263},"28":{"loc":{"start":{"line":267,"column":2},"end":{"line":269,"column":3}},"type":"if","locations":[{"start":{"line":267,"column":2},"end":{"line":269,"column":3}},{"start":{},"end":{}}],"line":267},"29":{"loc":{"start":{"line":292,"column":25},"end":{"line":292,"column":82}},"type":"binary-expr","locations":[{"start":{"line":292,"column":25},"end":{"line":292,"column":50}},{"start":{"line":292,"column":54},"end":{"line":292,"column":82}}],"line":292},"30":{"loc":{"start":{"line":295,"column":4},"end":{"line":297,"column":5}},"type":"if","locations":[{"start":{"line":295,"column":4},"end":{"line":297,"column":5}},{"start":{},"end":{}}],"line":295},"31":{"loc":{"start":{"line":304,"column":25},"end":{"line":304,"column":82}},"type":"binary-expr","locations":[{"start":{"line":304,"column":25},"end":{"line":304,"column":50}},{"start":{"line":304,"column":54},"end":{"line":304,"column":82}}],"line":304},"32":{"loc":{"start":{"line":314,"column":4},"end":{"line":316,"column":5}},"type":"if","locations":[{"start":{"line":314,"column":4},"end":{"line":316,"column":5}},{"start":{},"end":{}}],"line":314},"33":{"loc":{"start":{"line":314,"column":8},"end":{"line":314,"column":62}},"type":"binary-expr","locations":[{"start":{"line":314,"column":8},"end":{"line":314,"column":21}},{"start":{"line":314,"column":25},"end":{"line":314,"column":62}}],"line":314}},"s":{"0":0,"1":0,"2":0,"3":0,"4":0,"5":0,"6":0,"7":0,"8":0,"9":0,"10":0,"11":0,"12":0,"13":0,"14":0,"15":0,"16":0,"17":0,"18":0,"19":0,"20":0,"21":0,"22":0,"23":0,"24":0,"25":0,"26":0,"27":0,"28":0,"29":0,"30":0,"31":0,"32":0,"33":0,"34":0,"35":0,"36":0,"37":0,"38":0,"39":0,"40":0,"41":0,"42":0,"43":0,"44":0,"45":0,"46":0,"47":0,"48":0,"49":0,"50":0,"51":0,"52":0,"53":0,"54":0,"55":0,"56":0,"57":0,"58":0,"59":0,"60":0,"61":0,"62":0,"63":0,"64":0,"65":0,"66":0,"67":0,"68":0,"69":0,"70":0,"71":0,"72":0,"73":0,"74":0,"75":0,"76":0,"77":0,"78":0,"79":0,"80":0,"81":0,"82":0,"83":0,"84":0,"85":0},"f":{"0":0,"1":0,"2":0,"3":0,"4":0,"5":0,"6":0,"7":0,"8":0,"9":0,"10":0,"11":0,"12":0,"13":0,"14":0,"15":0,"16":0,"17":0,"18":0,"19":0,"20":0,"21":0,"22":0,"23":0,"24":0,"25":0,"26":0,"27":0,"28":0,"29":0,"30":0},"b":{"0":[0,0],"1":[0,0],"2":[0,0,0],"3":[0,0],"4":[0,0],"5":[0,0,0],"6":[0,0,0],"7":[0,0],"8":[0,0],"9":[0,0],"10":[0,0],"11":[0,0],"12":[0,0],"13":[0,0],"14":[0,0],"15":[0,0],"16":[0,0],"17":[0,0],"18":[0,0],"19":[0,0],"20":[0,0],"21":[0,0],"22":[0,0],"23":[0,0],"24":[0,0],"25":[0,0],"26":[0,0],"27":[0,0],"28":[0,0],"29":[0,0],"30":[0,0],"31":[0,0],"32":[0,0],"33":[0,0]}}
}
