TN:
SF:src/App.js
FN:8,(anonymous_0)
FN:9,(anonymous_1)
FN:10,(anonymous_2)
FN:11,(anonymous_3)
FN:12,(anonymous_4)
FN:13,(anonymous_5)
FN:16,(anonymous_6)
FN:26,useSidebar
FN:29,(anonymous_8)
FN:30,(anonymous_9)
FN:33,(anonymous_10)
FN:40,App
FNF:12
FNH:0
FNDA:0,(anonymous_0)
FNDA:0,(anonymous_1)
FNDA:0,(anonymous_2)
FNDA:0,(anonymous_3)
FNDA:0,(anonymous_4)
FNDA:0,(anonymous_5)
FNDA:0,(anonymous_6)
FNDA:0,useSidebar
FNDA:0,(anonymous_8)
FNDA:0,(anonymous_9)
FNDA:0,(anonymous_10)
FNDA:0,App
DA:8,0
DA:9,0
DA:10,0
DA:11,0
DA:12,0
DA:13,0
DA:16,0
DA:17,0
DA:27,0
DA:29,0
DA:30,0
DA:33,0
DA:34,0
DA:37,0
DA:41,0
DA:43,0
LF:16
LH:0
BRDA:52,0,0,0
BRDA:52,0,1,0
BRDA:62,1,0,0
BRDA:62,1,1,0
BRF:4
BRH:0
end_of_record
TN:
SF:src/App.jsx
FN:13,App
FN:16,(anonymous_1)
FN:40,(anonymous_2)
FN:51,(anonymous_3)
FNF:4
FNH:0
FNDA:0,App
FNDA:0,(anonymous_1)
FNDA:0,(anonymous_2)
FNDA:0,(anonymous_3)
DA:14,0
DA:16,0
DA:17,0
DA:25,0
DA:28,0
DA:40,0
DA:51,0
LF:7
LH:0
BRDA:25,0,0,0
BRDA:25,0,1,0
BRDA:32,1,0,0
BRDA:32,1,1,0
BRDA:37,2,0,0
BRDA:37,2,1,0
BRF:6
BRH:0
end_of_record
TN:
SF:src/components/Accessibility/AccessibleModal.jsx
FN:5,(anonymous_0)
FN:19,(anonymous_1)
FN:22,(anonymous_2)
FN:29,(anonymous_3)
FN:30,(anonymous_4)
FN:38,(anonymous_5)
FN:42,(anonymous_6)
FNF:7
FNH:0
FNDA:0,(anonymous_0)
FNDA:0,(anonymous_1)
FNDA:0,(anonymous_2)
FNDA:0,(anonymous_3)
FNDA:0,(anonymous_4)
FNDA:0,(anonymous_5)
FNDA:0,(anonymous_6)
DA:5,0
DA:15,0
DA:16,0
DA:19,0
DA:20,0
DA:21,0
DA:22,0
DA:23,0
DA:29,0
DA:30,0
DA:31,0
DA:32,0
DA:36,0
DA:37,0
DA:38,0
DA:42,0
DA:43,0
DA:44,0
DA:48,0
DA:55,0
DA:57,0
LF:21
LH:0
BRDA:11,0,0,0
BRDA:12,1,0,0
BRDA:13,2,0,0
BRDA:20,3,0,0
BRDA:20,3,1,0
BRDA:31,4,0,0
BRDA:31,4,1,0
BRDA:31,5,0,0
BRDA:31,5,1,0
BRDA:36,6,0,0
BRDA:36,6,1,0
BRDA:43,7,0,0
BRDA:43,7,1,0
BRDA:43,8,0,0
BRDA:43,8,1,0
BRDA:55,9,0,0
BRDA:55,9,1,0
BRDA:68,10,0,0
BRDA:68,10,1,0
BRDA:69,11,0,0
BRDA:69,11,1,0
BRDA:86,12,0,0
BRDA:86,12,1,0
BRDA:94,13,0,0
BRDA:94,13,1,0
BRF:25
BRH:0
end_of_record
TN:
SF:src/components/Accessibility/FocusManager.jsx
FN:6,(anonymous_0)
FN:21,(anonymous_1)
FN:26,(anonymous_2)
FN:55,(anonymous_3)
FN:73,(anonymous_4)
FN:93,(anonymous_5)
FN:96,(anonymous_6)
FN:100,(anonymous_7)
FN:104,(anonymous_8)
FN:123,(anonymous_9)
FN:126,(anonymous_10)
FN:130,(anonymous_11)
FN:131,(anonymous_12)
FNF:13
FNH:0
FNDA:0,(anonymous_0)
FNDA:0,(anonymous_1)
FNDA:0,(anonymous_2)
FNDA:0,(anonymous_3)
FNDA:0,(anonymous_4)
FNDA:0,(anonymous_5)
FNDA:0,(anonymous_6)
FNDA:0,(anonymous_7)
FNDA:0,(anonymous_8)
FNDA:0,(anonymous_9)
FNDA:0,(anonymous_10)
FNDA:0,(anonymous_11)
FNDA:0,(anonymous_12)
DA:6,0
DA:7,0
DA:8,0
DA:11,0
DA:21,0
DA:22,0
DA:23,0
DA:26,0
DA:27,0
DA:29,0
DA:30,0
DA:31,0
DA:33,0
DA:34,0
DA:36,0
DA:37,0
DA:38,0
DA:42,0
DA:43,0
DA:44,0
DA:49,0
DA:51,0
DA:55,0
DA:56,0
DA:57,0
DA:60,0
DA:61,0
DA:65,0
DA:66,0
DA:67,0
DA:71,0
DA:73,0
DA:74,0
DA:77,0
DA:78,0
DA:83,0
DA:93,0
DA:94,0
DA:96,0
DA:97,0
DA:99,0
DA:100,0
DA:101,0
DA:103,0
DA:104,0
DA:105,0
DA:107,0
DA:108,0
DA:109,0
DA:111,0
DA:112,0
DA:113,0
DA:117,0
DA:123,0
DA:124,0
DA:126,0
DA:127,0
DA:128,0
DA:130,0
DA:131,0
DA:135,0
LF:61
LH:0
BRDA:6,0,0,0
BRDA:6,1,0,0
BRDA:6,2,0,0
BRDA:22,3,0,0
BRDA:22,3,1,0
BRDA:27,4,0,0
BRDA:27,4,1,0
BRDA:33,5,0,0
BRDA:33,5,1,0
BRDA:34,6,0,0
BRDA:34,6,1,0
BRDA:36,7,0,0
BRDA:36,7,1,0
BRDA:42,8,0,0
BRDA:42,8,1,0
BRDA:49,9,0,0
BRDA:49,9,1,0
BRDA:57,10,0,0
BRDA:57,10,1,0
BRDA:60,11,0,0
BRDA:60,11,1,0
BRDA:65,12,0,0
BRDA:65,12,1,0
BRDA:77,13,0,0
BRDA:77,13,1,0
BRDA:77,14,0,0
BRDA:77,14,1,0
BRDA:93,15,0,0
BRDA:97,16,0,0
BRDA:97,16,1,0
BRDA:97,16,2,0
BRDA:97,16,3,0
BRDA:123,17,0,0
BRDA:127,18,0,0
BRDA:127,18,1,0
BRF:35
BRH:0
end_of_record
TN:
SF:src/components/Layout/Header.jsx
FN:4,(anonymous_0)
FN:6,(anonymous_1)
FN:23,(anonymous_2)
FNF:3
FNH:0
FNDA:0,(anonymous_0)
FNDA:0,(anonymous_1)
FNDA:0,(anonymous_2)
DA:4,0
DA:6,0
DA:23,0
DA:30,0
DA:92,0
LF:5
LH:0
BRDA:45,0,0,0
BRDA:45,0,1,0
BRF:2
BRH:0
end_of_record
TN:
SF:src/components/Layout/Sidebar.jsx
FN:14,(anonymous_0)
FN:16,(anonymous_1)
FN:56,(anonymous_2)
FN:76,(anonymous_3)
FN:80,(anonymous_4)
FN:95,(anonymous_5)
FN:115,(anonymous_6)
FNF:7
FNH:0
FNDA:0,(anonymous_0)
FNDA:0,(anonymous_1)
FNDA:0,(anonymous_2)
FNDA:0,(anonymous_3)
FNDA:0,(anonymous_4)
FNDA:0,(anonymous_5)
FNDA:0,(anonymous_6)
DA:14,0
DA:16,0
DA:56,0
DA:76,0
DA:77,0
DA:80,0
DA:81,0
DA:95,0
DA:96,0
DA:109,0
DA:116,0
DA:117,0
DA:139,0
LF:13
LH:0
BRDA:77,0,0,0
BRDA:77,0,1,0
BRF:2
BRH:0
end_of_record
TN:
SF:src/hooks/useDebounce.js
FN:9,useDebounce
FN:12,(anonymous_1)
FN:13,(anonymous_2)
FN:17,(anonymous_3)
FNF:4
FNH:0
FNDA:0,useDebounce
FNDA:0,(anonymous_1)
FNDA:0,(anonymous_2)
FNDA:0,(anonymous_3)
DA:10,0
DA:12,0
DA:13,0
DA:14,0
DA:17,0
DA:18,0
DA:22,0
LF:7
LH:0
BRF:0
BRH:0
end_of_record
TN:
SF:src/hooks/useVirtualization.js
FN:11,useVirtualization
FN:19,(anonymous_1)
FN:32,(anonymous_2)
FN:34,(anonymous_3)
FN:48,(anonymous_4)
FNF:5
FNH:0
FNDA:0,useVirtualization
FNDA:0,(anonymous_1)
FNDA:0,(anonymous_2)
FNDA:0,(anonymous_3)
FNDA:0,(anonymous_4)
DA:17,0
DA:19,0
DA:20,0
DA:21,0
DA:23,0
DA:24,0
DA:29,0
DA:32,0
DA:33,0
DA:34,0
DA:46,0
DA:48,0
DA:49,0
DA:52,0
LF:14
LH:0
BRDA:12,0,0,0
BRDA:13,1,0,0
BRDA:14,2,0,0
BRDA:15,3,0,0
BRF:4
BRH:0
end_of_record
TN:
SF:src/pages/Categories.jsx
FN:6,(anonymous_0)
FN:17,(anonymous_1)
FN:21,(anonymous_2)
FN:36,(anonymous_3)
FN:55,(anonymous_4)
FN:64,(anonymous_5)
FN:77,(anonymous_6)
FN:102,(anonymous_7)
FN:108,(anonymous_8)
FN:126,(anonymous_9)
FN:143,(anonymous_10)
FN:149,(anonymous_11)
FN:177,(anonymous_12)
FN:189,(anonymous_13)
FN:198,(anonymous_14)
FNF:15
FNH:0
FNDA:0,(anonymous_0)
FNDA:0,(anonymous_1)
FNDA:0,(anonymous_2)
FNDA:0,(anonymous_3)
FNDA:0,(anonymous_4)
FNDA:0,(anonymous_5)
FNDA:0,(anonymous_6)
FNDA:0,(anonymous_7)
FNDA:0,(anonymous_8)
FNDA:0,(anonymous_9)
FNDA:0,(anonymous_10)
FNDA:0,(anonymous_11)
FNDA:0,(anonymous_12)
FNDA:0,(anonymous_13)
FNDA:0,(anonymous_14)
DA:6,0
DA:7,0
DA:8,0
DA:9,0
DA:10,0
DA:11,0
DA:12,0
DA:17,0
DA:18,0
DA:21,0
DA:22,0
DA:23,0
DA:24,0
DA:25,0
DA:26,0
DA:28,0
DA:29,0
DA:30,0
DA:32,0
DA:36,0
DA:37,0
DA:38,0
DA:39,0
DA:40,0
DA:41,0
DA:43,0
DA:44,0
DA:46,0
DA:47,0
DA:48,0
DA:49,0
DA:51,0
DA:55,0
DA:56,0
DA:57,0
DA:61,0
DA:64,0
DA:65,0
DA:66,0
DA:67,0
DA:68,0
DA:69,0
DA:71,0
DA:76,0
DA:78,0
DA:82,0
DA:83,0
DA:91,0
DA:102,0
DA:108,0
DA:127,0
DA:143,0
DA:149,0
DA:177,0
DA:189,0
DA:199,0
DA:200,0
DA:201,0
LF:58
LH:0
BRDA:25,0,0,0
BRDA:25,0,1,0
BRDA:25,0,2,0
BRDA:26,1,0,0
BRDA:26,1,1,0
BRDA:39,2,0,0
BRDA:39,2,1,0
BRDA:59,3,0,0
BRDA:59,3,1,0
BRDA:65,4,0,0
BRDA:65,4,1,0
BRDA:76,5,0,0
BRDA:76,5,1,0
BRDA:82,6,0,0
BRDA:82,6,1,0
BRDA:119,7,0,0
BRDA:119,7,1,0
BRDA:135,8,0,0
BRDA:135,8,1,0
BRDA:162,9,0,0
BRDA:162,9,1,0
BRDA:166,10,0,0
BRDA:166,10,1,0
BRDA:208,11,0,0
BRDA:208,11,1,0
BRF:25
BRH:0
end_of_record
TN:
SF:src/pages/Dashboard.jsx
FN:30,(anonymous_0)
FN:45,(anonymous_1)
FN:51,(anonymous_2)
FN:59,(anonymous_3)
FN:70,(anonymous_4)
FN:72,(anonymous_5)
FN:76,(anonymous_6)
FN:105,(anonymous_7)
FN:109,(anonymous_8)
FN:137,(anonymous_9)
FN:141,(anonymous_10)
FN:157,(anonymous_11)
FN:231,(anonymous_12)
FN:232,(anonymous_13)
FN:269,(anonymous_14)
FN:274,(anonymous_15)
FN:279,(anonymous_16)
FN:282,(anonymous_17)
FN:304,(anonymous_18)
FN:315,(anonymous_19)
FN:329,(anonymous_20)
FN:340,(anonymous_21)
FN:366,(anonymous_22)
FN:374,(anonymous_23)
FN:379,(anonymous_24)
FN:383,(anonymous_25)
FN:406,(anonymous_26)
FN:411,(anonymous_27)
FN:413,(anonymous_28)
FN:415,(anonymous_29)
FN:416,(anonymous_30)
FN:417,(anonymous_31)
FN:447,(anonymous_32)
FN:451,(anonymous_33)
FN:467,(anonymous_34)
FN:473,(anonymous_35)
FN:484,(anonymous_36)
FN:579,(anonymous_37)
FN:588,(anonymous_38)
FN:588,(anonymous_39)
FN:607,(anonymous_40)
FN:649,(anonymous_41)
FN:653,(anonymous_42)
FN:663,(anonymous_43)
FN:669,(anonymous_44)
FN:687,(anonymous_45)
FN:688,(anonymous_46)
FN:769,(anonymous_47)
FN:773,(anonymous_48)
FN:783,(anonymous_49)
FN:789,(anonymous_50)
FN:807,(anonymous_51)
FN:809,(anonymous_52)
FN:923,(anonymous_53)
FN:968,(anonymous_54)
FN:971,(anonymous_55)
FN:976,(anonymous_56)
FN:1010,(anonymous_57)
FN:1012,(anonymous_58)
FN:1015,(anonymous_59)
FNF:60
FNH:0
FNDA:0,(anonymous_0)
FNDA:0,(anonymous_1)
FNDA:0,(anonymous_2)
FNDA:0,(anonymous_3)
FNDA:0,(anonymous_4)
FNDA:0,(anonymous_5)
FNDA:0,(anonymous_6)
FNDA:0,(anonymous_7)
FNDA:0,(anonymous_8)
FNDA:0,(anonymous_9)
FNDA:0,(anonymous_10)
FNDA:0,(anonymous_11)
FNDA:0,(anonymous_12)
FNDA:0,(anonymous_13)
FNDA:0,(anonymous_14)
FNDA:0,(anonymous_15)
FNDA:0,(anonymous_16)
FNDA:0,(anonymous_17)
FNDA:0,(anonymous_18)
FNDA:0,(anonymous_19)
FNDA:0,(anonymous_20)
FNDA:0,(anonymous_21)
FNDA:0,(anonymous_22)
FNDA:0,(anonymous_23)
FNDA:0,(anonymous_24)
FNDA:0,(anonymous_25)
FNDA:0,(anonymous_26)
FNDA:0,(anonymous_27)
FNDA:0,(anonymous_28)
FNDA:0,(anonymous_29)
FNDA:0,(anonymous_30)
FNDA:0,(anonymous_31)
FNDA:0,(anonymous_32)
FNDA:0,(anonymous_33)
FNDA:0,(anonymous_34)
FNDA:0,(anonymous_35)
FNDA:0,(anonymous_36)
FNDA:0,(anonymous_37)
FNDA:0,(anonymous_38)
FNDA:0,(anonymous_39)
FNDA:0,(anonymous_40)
FNDA:0,(anonymous_41)
FNDA:0,(anonymous_42)
FNDA:0,(anonymous_43)
FNDA:0,(anonymous_44)
FNDA:0,(anonymous_45)
FNDA:0,(anonymous_46)
FNDA:0,(anonymous_47)
FNDA:0,(anonymous_48)
FNDA:0,(anonymous_49)
FNDA:0,(anonymous_50)
FNDA:0,(anonymous_51)
FNDA:0,(anonymous_52)
FNDA:0,(anonymous_53)
FNDA:0,(anonymous_54)
FNDA:0,(anonymous_55)
FNDA:0,(anonymous_56)
FNDA:0,(anonymous_57)
FNDA:0,(anonymous_58)
FNDA:0,(anonymous_59)
DA:30,0
DA:31,0
DA:32,0
DA:33,0
DA:34,0
DA:35,0
DA:36,0
DA:45,0
DA:46,0
DA:51,0
DA:52,0
DA:53,0
DA:59,0
DA:60,0
DA:61,0
DA:62,0
DA:63,0
DA:70,0
DA:72,0
DA:73,0
DA:76,0
DA:77,0
DA:78,0
DA:79,0
DA:80,0
DA:81,0
DA:86,0
DA:87,0
DA:90,0
DA:93,0
DA:94,0
DA:95,0
DA:96,0
DA:97,0
DA:98,0
DA:99,0
DA:105,0
DA:106,0
DA:109,0
DA:110,0
DA:111,0
DA:112,0
DA:115,0
DA:116,0
DA:119,0
DA:120,0
DA:125,0
DA:126,0
DA:127,0
DA:128,0
DA:129,0
DA:133,0
DA:137,0
DA:138,0
DA:141,0
DA:142,0
DA:143,0
DA:144,0
DA:145,0
DA:150,0
DA:151,0
DA:154,0
DA:157,0
DA:158,0
DA:159,0
DA:162,0
DA:163,0
DA:164,0
DA:165,0
DA:166,0
DA:167,0
DA:170,0
DA:172,0
DA:174,0
DA:182,0
DA:183,0
DA:184,0
DA:185,0
DA:188,0
DA:207,0
DA:209,0
DA:212,0
DA:219,0
DA:220,0
DA:221,0
DA:223,0
DA:224,0
DA:225,0
DA:228,0
DA:229,0
DA:231,0
DA:232,0
DA:234,0
DA:246,0
DA:249,0
DA:251,0
DA:252,0
DA:253,0
DA:265,0
DA:269,0
DA:270,0
DA:271,0
DA:274,0
DA:275,0
DA:279,0
DA:280,0
DA:282,0
DA:283,0
DA:286,0
DA:287,0
DA:291,0
DA:292,0
DA:293,0
DA:296,0
DA:301,0
DA:304,0
DA:305,0
DA:306,0
DA:307,0
DA:308,0
DA:309,0
DA:310,0
DA:312,0
DA:315,0
DA:317,0
DA:318,0
DA:319,0
DA:324,0
DA:325,0
DA:329,0
DA:330,0
DA:331,0
DA:332,0
DA:336,0
DA:340,0
DA:341,0
DA:352,0
DA:353,0
DA:357,0
DA:358,0
DA:359,0
DA:361,0
DA:362,0
DA:366,0
DA:367,0
DA:368,0
DA:372,0
DA:374,0
DA:379,0
DA:383,0
DA:384,0
DA:386,0
DA:387,0
DA:388,0
DA:389,0
DA:390,0
DA:391,0
DA:394,0
DA:402,0
DA:403,0
DA:406,0
DA:407,0
DA:409,0
DA:411,0
DA:413,0
DA:415,0
DA:416,0
DA:417,0
DA:418,0
DA:421,0
DA:425,0
DA:426,0
DA:434,0
DA:447,0
DA:452,0
DA:467,0
DA:474,0
DA:484,0
DA:579,0
DA:588,0
DA:607,0
DA:649,0
DA:654,0
DA:663,0
DA:670,0
DA:688,0
DA:689,0
DA:690,0
DA:769,0
DA:774,0
DA:783,0
DA:790,0
DA:808,0
DA:809,0
DA:810,0
DA:923,0
DA:968,0
DA:972,0
DA:976,0
DA:1010,0
DA:1013,0
DA:1014,0
DA:1015,0
DA:1016,0
LF:204
LH:0
BRDA:52,0,0,0
BRDA:52,0,1,0
BRDA:60,1,0,0
BRDA:60,1,1,0
BRDA:60,2,0,0
BRDA:60,2,1,0
BRDA:62,3,0,0
BRDA:62,3,1,0
BRDA:77,4,0,0
BRDA:77,4,1,0
BRDA:93,5,0,0
BRDA:93,5,1,0
BRDA:93,6,0,0
BRDA:93,6,1,0
BRDA:93,6,2,0
BRDA:98,7,0,0
BRDA:98,7,1,0
BRDA:110,8,0,0
BRDA:110,8,1,0
BRDA:115,9,0,0
BRDA:115,9,1,0
BRDA:115,10,0,0
BRDA:115,10,1,0
BRDA:127,11,0,0
BRDA:127,11,1,0
BRDA:127,12,0,0
BRDA:127,12,1,0
BRDA:142,13,0,0
BRDA:142,13,1,0
BRDA:163,14,0,0
BRDA:163,14,1,0
BRDA:164,15,0,0
BRDA:164,15,1,0
BRDA:182,16,0,0
BRDA:182,16,1,0
BRDA:183,17,0,0
BRDA:183,17,1,0
BRDA:184,18,0,0
BRDA:184,18,1,0
BRDA:185,19,0,0
BRDA:185,19,1,0
BRDA:185,19,2,0
BRDA:190,20,0,0
BRDA:190,20,1,0
BRDA:191,21,0,0
BRDA:191,21,1,0
BRDA:192,22,0,0
BRDA:192,22,1,0
BRDA:195,23,0,0
BRDA:195,23,1,0
BRDA:199,24,0,0
BRDA:199,24,1,0
BRDA:202,25,0,0
BRDA:202,25,1,0
BRDA:203,26,0,0
BRDA:203,26,1,0
BRDA:204,27,0,0
BRDA:204,27,1,0
BRDA:219,28,0,0
BRDA:219,28,1,0
BRDA:219,28,2,0
BRDA:220,29,0,0
BRDA:220,29,1,0
BRDA:220,29,2,0
BRDA:221,30,0,0
BRDA:221,30,1,0
BRDA:221,30,2,0
BRDA:223,31,0,0
BRDA:223,31,1,0
BRDA:224,32,0,0
BRDA:224,32,1,0
BRDA:225,33,0,0
BRDA:225,33,1,0
BRDA:270,34,0,0
BRDA:270,34,1,0
BRDA:280,35,0,0
BRDA:280,35,1,0
BRDA:286,36,0,0
BRDA:286,36,1,0
BRDA:286,37,0,0
BRDA:286,37,1,0
BRDA:291,38,0,0
BRDA:291,38,1,0
BRDA:301,39,0,0
BRDA:301,39,1,0
BRDA:305,40,0,0
BRDA:305,40,1,0
BRDA:305,41,0,0
BRDA:305,41,1,0
BRDA:307,42,0,0
BRDA:307,42,1,0
BRDA:309,43,0,0
BRDA:309,43,1,0
BRDA:352,44,0,0
BRDA:352,44,1,0
BRDA:367,45,0,0
BRDA:367,45,1,0
BRDA:367,46,0,0
BRDA:367,46,1,0
BRDA:386,47,0,0
BRDA:386,47,1,0
BRDA:386,48,0,0
BRDA:386,48,1,0
BRDA:388,49,0,0
BRDA:388,49,1,0
BRDA:390,50,0,0
BRDA:390,50,1,0
BRDA:409,51,0,0
BRDA:409,51,1,0
BRDA:409,51,2,0
BRDA:409,51,3,0
BRDA:416,52,0,0
BRDA:416,52,1,0
BRDA:417,53,0,0
BRDA:417,53,1,0
BRDA:425,54,0,0
BRDA:425,54,1,0
BRDA:471,55,0,0
BRDA:471,55,1,0
BRDA:487,56,0,0
BRDA:487,56,1,0
BRDA:488,57,0,0
BRDA:488,57,1,0
BRDA:505,58,0,0
BRDA:505,58,1,0
BRDA:509,59,0,0
BRDA:509,59,1,0
BRDA:510,60,0,0
BRDA:510,60,1,0
BRDA:514,61,0,0
BRDA:514,61,1,0
BRDA:519,62,0,0
BRDA:519,62,1,0
BRDA:520,63,0,0
BRDA:520,63,1,0
BRDA:543,64,0,0
BRDA:543,64,1,0
BRDA:566,65,0,0
BRDA:566,65,1,0
BRDA:595,66,0,0
BRDA:595,66,1,0
BRDA:595,66,2,0
BRDA:595,66,3,0
BRDA:667,67,0,0
BRDA:667,67,1,0
BRDA:680,68,0,0
BRDA:680,68,1,0
BRDA:691,69,0,0
BRDA:691,69,1,0
BRDA:695,70,0,0
BRDA:695,70,1,0
BRDA:707,71,0,0
BRDA:707,71,1,0
BRDA:710,72,0,0
BRDA:710,72,1,0
BRDA:718,73,0,0
BRDA:718,73,1,0
BRDA:730,74,0,0
BRDA:730,74,1,0
BRDA:735,75,0,0
BRDA:735,75,1,0
BRDA:735,75,2,0
BRDA:787,76,0,0
BRDA:787,76,1,0
BRDA:800,77,0,0
BRDA:800,77,1,0
BRDA:811,78,0,0
BRDA:811,78,1,0
BRDA:817,79,0,0
BRDA:817,79,1,0
BRDA:831,80,0,0
BRDA:831,80,1,0
BRDA:846,81,0,0
BRDA:846,81,1,0
BRDA:846,81,2,0
BRDA:856,82,0,0
BRDA:856,82,1,0
BRDA:881,83,0,0
BRDA:881,83,1,0
BRDA:882,84,0,0
BRDA:882,84,1,0
BRDA:897,85,0,0
BRDA:897,85,1,0
BRDA:900,86,0,0
BRDA:900,86,1,0
BRDA:954,87,0,0
BRDA:954,87,1,0
BRDA:956,88,0,0
BRDA:956,88,1,0
BRDA:1017,89,0,0
BRDA:1017,89,1,0
BRDA:1017,90,0,0
BRDA:1017,90,1,0
BRDA:1019,91,0,0
BRDA:1019,91,1,0
BRDA:1020,92,0,0
BRDA:1020,92,1,0
BRDA:1030,93,0,0
BRDA:1030,93,1,0
BRDA:1032,94,0,0
BRDA:1032,94,1,0
BRDA:1037,95,0,0
BRDA:1037,95,1,0
BRDA:1043,96,0,0
BRDA:1043,96,1,0
BRDA:1055,97,0,0
BRDA:1055,97,1,0
BRDA:1056,98,0,0
BRDA:1056,98,1,0
BRDA:1058,99,0,0
BRDA:1058,99,1,0
BRF:211
BRH:0
end_of_record
TN:
SF:src/pages/Expenses.jsx
FN:18,(anonymous_0)
FN:39,(anonymous_1)
FN:44,(anonymous_2)
FN:46,(anonymous_3)
FN:49,(anonymous_4)
FN:52,(anonymous_5)
FN:58,(anonymous_6)
FN:63,(anonymous_7)
FN:69,(anonymous_8)
FN:78,(anonymous_9)
FN:102,(anonymous_10)
FN:133,(anonymous_11)
FN:145,(anonymous_12)
FN:157,(anonymous_13)
FN:177,(anonymous_14)
FN:214,(anonymous_15)
FN:229,(anonymous_16)
FN:230,(anonymous_17)
FN:274,(anonymous_18)
FN:297,(anonymous_19)
FN:305,(anonymous_20)
FN:321,(anonymous_21)
FN:328,(anonymous_22)
FN:337,(anonymous_23)
FN:342,(anonymous_24)
FN:352,(anonymous_25)
FN:371,(anonymous_26)
FN:372,(anonymous_27)
FN:377,(anonymous_28)
FN:440,(anonymous_29)
FN:446,(anonymous_30)
FN:476,(anonymous_31)
FN:490,(anonymous_32)
FN:502,(anonymous_33)
FN:506,(anonymous_34)
FN:521,(anonymous_35)
FN:531,(anonymous_36)
FN:542,(anonymous_37)
FN:604,(anonymous_38)
FN:631,(anonymous_39)
FN:642,(anonymous_40)
FN:656,(anonymous_41)
FNF:42
FNH:0
FNDA:0,(anonymous_0)
FNDA:0,(anonymous_1)
FNDA:0,(anonymous_2)
FNDA:0,(anonymous_3)
FNDA:0,(anonymous_4)
FNDA:0,(anonymous_5)
FNDA:0,(anonymous_6)
FNDA:0,(anonymous_7)
FNDA:0,(anonymous_8)
FNDA:0,(anonymous_9)
FNDA:0,(anonymous_10)
FNDA:0,(anonymous_11)
FNDA:0,(anonymous_12)
FNDA:0,(anonymous_13)
FNDA:0,(anonymous_14)
FNDA:0,(anonymous_15)
FNDA:0,(anonymous_16)
FNDA:0,(anonymous_17)
FNDA:0,(anonymous_18)
FNDA:0,(anonymous_19)
FNDA:0,(anonymous_20)
FNDA:0,(anonymous_21)
FNDA:0,(anonymous_22)
FNDA:0,(anonymous_23)
FNDA:0,(anonymous_24)
FNDA:0,(anonymous_25)
FNDA:0,(anonymous_26)
FNDA:0,(anonymous_27)
FNDA:0,(anonymous_28)
FNDA:0,(anonymous_29)
FNDA:0,(anonymous_30)
FNDA:0,(anonymous_31)
FNDA:0,(anonymous_32)
FNDA:0,(anonymous_33)
FNDA:0,(anonymous_34)
FNDA:0,(anonymous_35)
FNDA:0,(anonymous_36)
FNDA:0,(anonymous_37)
FNDA:0,(anonymous_38)
FNDA:0,(anonymous_39)
FNDA:0,(anonymous_40)
FNDA:0,(anonymous_41)
DA:18,0
DA:19,0
DA:20,0
DA:21,0
DA:22,0
DA:23,0
DA:24,0
DA:25,0
DA:26,0
DA:27,0
DA:28,0
DA:29,0
DA:30,0
DA:31,0
DA:39,0
DA:40,0
DA:44,0
DA:45,0
DA:46,0
DA:47,0
DA:49,0
DA:52,0
DA:53,0
DA:54,0
DA:57,0
DA:58,0
DA:59,0
DA:63,0
DA:64,0
DA:66,0
DA:69,0
DA:70,0
DA:71,0
DA:72,0
DA:75,0
DA:78,0
DA:79,0
DA:80,0
DA:81,0
DA:87,0
DA:88,0
DA:90,0
DA:91,0
DA:93,0
DA:94,0
DA:95,0
DA:96,0
DA:98,0
DA:102,0
DA:103,0
DA:104,0
DA:106,0
DA:111,0
DA:112,0
DA:113,0
DA:115,0
DA:116,0
DA:118,0
DA:119,0
DA:120,0
DA:127,0
DA:129,0
DA:133,0
DA:134,0
DA:135,0
DA:142,0
DA:145,0
DA:146,0
DA:147,0
DA:148,0
DA:149,0
DA:150,0
DA:152,0
DA:157,0
DA:158,0
DA:160,0
DA:161,0
DA:162,0
DA:163,0
DA:164,0
DA:166,0
DA:170,0
DA:171,0
DA:172,0
DA:173,0
DA:177,0
DA:178,0
DA:179,0
DA:181,0
DA:182,0
DA:183,0
DA:184,0
DA:186,0
DA:187,0
DA:188,0
DA:189,0
DA:192,0
DA:193,0
DA:196,0
DA:197,0
DA:198,0
DA:200,0
DA:204,0
DA:205,0
DA:206,0
DA:207,0
DA:209,0
DA:213,0
DA:215,0
DA:216,0
DA:221,0
DA:222,0
DA:223,0
DA:225,0
DA:229,0
DA:230,0
DA:232,0
DA:233,0
DA:241,0
DA:274,0
DA:297,0
DA:305,0
DA:322,0
DA:323,0
DA:329,0
DA:337,0
DA:343,0
DA:352,0
DA:372,0
DA:373,0
DA:377,0
DA:440,0
DA:446,0
DA:476,0
DA:490,0
DA:502,0
DA:507,0
DA:521,0
DA:531,0
DA:543,0
DA:544,0
DA:545,0
DA:604,0
DA:631,0
DA:642,0
DA:657,0
DA:658,0
DA:659,0
LF:148
LH:0
BRDA:45,0,0,0
BRDA:45,0,1,0
BRDA:53,1,0,0
BRDA:53,1,1,0
BRDA:57,2,0,0
BRDA:57,2,1,0
BRDA:87,3,0,0
BRDA:87,3,1,0
BRDA:87,3,2,0
BRDA:88,4,0,0
BRDA:88,4,1,0
BRDA:88,4,2,0
BRDA:90,5,0,0
BRDA:90,5,1,0
BRDA:91,6,0,0
BRDA:91,6,1,0
BRDA:111,7,0,0
BRDA:111,7,1,0
BRDA:138,8,0,0
BRDA:138,8,1,0
BRDA:139,9,0,0
BRDA:139,9,1,0
BRDA:146,10,0,0
BRDA:146,10,1,0
BRDA:158,11,0,0
BRDA:158,11,1,0
BRDA:171,12,0,0
BRDA:171,12,1,0
BRDA:171,13,0,0
BRDA:171,13,1,0
BRDA:179,14,0,0
BRDA:179,14,1,0
BRDA:184,15,0,0
BRDA:184,15,1,0
BRDA:187,16,0,0
BRDA:187,16,1,0
BRDA:187,17,0,0
BRDA:187,17,1,0
BRDA:196,18,0,0
BRDA:196,18,1,0
BRDA:197,19,0,0
BRDA:197,19,1,0
BRDA:213,20,0,0
BRDA:213,20,1,0
BRDA:216,21,0,0
BRDA:216,21,1,0
BRDA:216,21,2,0
BRDA:216,21,3,0
BRDA:216,21,4,0
BRDA:222,22,0,0
BRDA:222,22,1,0
BRDA:223,23,0,0
BRDA:223,23,1,0
BRDA:225,24,0,0
BRDA:225,24,1,0
BRDA:225,24,2,0
BRDA:225,24,3,0
BRDA:232,25,0,0
BRDA:232,25,1,0
BRDA:364,26,0,0
BRDA:364,26,1,0
BRDA:379,27,0,0
BRDA:379,27,1,0
BRDA:384,28,0,0
BRDA:384,28,1,0
BRDA:394,29,0,0
BRDA:394,29,1,0
BRDA:397,30,0,0
BRDA:397,30,1,0
BRDA:402,31,0,0
BRDA:402,31,1,0
BRDA:412,32,0,0
BRDA:412,32,1,0
BRDA:412,33,0,0
BRDA:412,33,1,0
BRDA:416,34,0,0
BRDA:416,34,1,0
BRDA:416,35,0,0
BRDA:416,35,1,0
BRDA:422,36,0,0
BRDA:422,36,1,0
BRDA:431,37,0,0
BRDA:431,37,1,0
BRDA:461,38,0,0
BRDA:461,38,1,0
BRDA:465,39,0,0
BRDA:465,39,1,0
BRDA:558,40,0,0
BRDA:558,40,1,0
BRDA:568,41,0,0
BRDA:568,41,1,0
BRDA:568,41,2,0
BRDA:582,42,0,0
BRDA:582,42,1,0
BRDA:588,43,0,0
BRDA:588,43,1,0
BRDA:593,44,0,0
BRDA:593,44,1,0
BRDA:613,45,0,0
BRDA:613,45,1,0
BRDA:613,46,0,0
BRDA:613,46,1,0
BRDA:629,47,0,0
BRDA:629,47,1,0
BRDA:629,48,0,0
BRDA:629,48,1,0
BRDA:638,49,0,0
BRDA:638,49,1,0
BRDA:638,50,0,0
BRDA:638,50,1,0
BRDA:638,51,0,0
BRDA:638,51,1,0
BRDA:643,52,0,0
BRDA:643,52,1,0
BRF:114
BRH:0
end_of_record
TN:
SF:src/pages/Incomes.jsx
FN:7,(anonymous_0)
FN:22,(anonymous_1)
FN:27,(anonymous_2)
FN:29,(anonymous_3)
FN:32,(anonymous_4)
FN:35,(anonymous_5)
FN:41,(anonymous_6)
FN:46,(anonymous_7)
FN:52,(anonymous_8)
FN:61,(anonymous_9)
FN:85,(anonymous_10)
FN:110,(anonymous_11)
FN:120,(anonymous_12)
FN:133,(anonymous_13)
FN:145,(anonymous_14)
FN:196,(anonymous_15)
FN:208,(anonymous_16)
FN:215,(anonymous_17)
FN:224,(anonymous_18)
FN:229,(anonymous_19)
FN:239,(anonymous_20)
FN:258,(anonymous_21)
FN:259,(anonymous_22)
FN:289,(anonymous_23)
FN:295,(anonymous_24)
FN:326,(anonymous_25)
FN:340,(anonymous_26)
FN:352,(anonymous_27)
FN:356,(anonymous_28)
FN:367,(anonymous_29)
FNF:30
FNH:0
FNDA:0,(anonymous_0)
FNDA:0,(anonymous_1)
FNDA:0,(anonymous_2)
FNDA:0,(anonymous_3)
FNDA:0,(anonymous_4)
FNDA:0,(anonymous_5)
FNDA:0,(anonymous_6)
FNDA:0,(anonymous_7)
FNDA:0,(anonymous_8)
FNDA:0,(anonymous_9)
FNDA:0,(anonymous_10)
FNDA:0,(anonymous_11)
FNDA:0,(anonymous_12)
FNDA:0,(anonymous_13)
FNDA:0,(anonymous_14)
FNDA:0,(anonymous_15)
FNDA:0,(anonymous_16)
FNDA:0,(anonymous_17)
FNDA:0,(anonymous_18)
FNDA:0,(anonymous_19)
FNDA:0,(anonymous_20)
FNDA:0,(anonymous_21)
FNDA:0,(anonymous_22)
FNDA:0,(anonymous_23)
FNDA:0,(anonymous_24)
FNDA:0,(anonymous_25)
FNDA:0,(anonymous_26)
FNDA:0,(anonymous_27)
FNDA:0,(anonymous_28)
FNDA:0,(anonymous_29)
DA:7,0
DA:8,0
DA:9,0
DA:10,0
DA:11,0
DA:12,0
DA:13,0
DA:14,0
DA:15,0
DA:16,0
DA:22,0
DA:23,0
DA:27,0
DA:28,0
DA:29,0
DA:30,0
DA:32,0
DA:35,0
DA:36,0
DA:37,0
DA:40,0
DA:41,0
DA:42,0
DA:46,0
DA:47,0
DA:49,0
DA:52,0
DA:53,0
DA:54,0
DA:55,0
DA:58,0
DA:61,0
DA:62,0
DA:63,0
DA:64,0
DA:70,0
DA:71,0
DA:73,0
DA:74,0
DA:76,0
DA:77,0
DA:78,0
DA:79,0
DA:81,0
DA:85,0
DA:86,0
DA:87,0
DA:89,0
DA:94,0
DA:95,0
DA:96,0
DA:98,0
DA:99,0
DA:101,0
DA:102,0
DA:103,0
DA:104,0
DA:106,0
DA:110,0
DA:111,0
DA:112,0
DA:117,0
DA:120,0
DA:121,0
DA:122,0
DA:123,0
DA:124,0
DA:125,0
DA:127,0
DA:132,0
DA:134,0
DA:137,0
DA:138,0
DA:139,0
DA:141,0
DA:145,0
DA:147,0
DA:148,0
DA:156,0
DA:196,0
DA:209,0
DA:210,0
DA:216,0
DA:224,0
DA:230,0
DA:239,0
DA:259,0
DA:260,0
DA:289,0
DA:295,0
DA:326,0
DA:340,0
DA:352,0
DA:357,0
DA:368,0
DA:369,0
DA:370,0
LF:97
LH:0
BRDA:28,0,0,0
BRDA:28,0,1,0
BRDA:36,1,0,0
BRDA:36,1,1,0
BRDA:40,2,0,0
BRDA:40,2,1,0
BRDA:70,3,0,0
BRDA:70,3,1,0
BRDA:70,3,2,0
BRDA:71,4,0,0
BRDA:71,4,1,0
BRDA:71,4,2,0
BRDA:73,5,0,0
BRDA:73,5,1,0
BRDA:74,6,0,0
BRDA:74,6,1,0
BRDA:94,7,0,0
BRDA:94,7,1,0
BRDA:115,8,0,0
BRDA:115,8,1,0
BRDA:121,9,0,0
BRDA:121,9,1,0
BRDA:132,10,0,0
BRDA:132,10,1,0
BRDA:138,11,0,0
BRDA:138,11,1,0
BRDA:139,12,0,0
BRDA:139,12,1,0
BRDA:141,13,0,0
BRDA:141,13,1,0
BRDA:141,13,2,0
BRDA:147,14,0,0
BRDA:147,14,1,0
BRDA:251,15,0,0
BRDA:251,15,1,0
BRDA:270,16,0,0
BRDA:270,16,1,0
BRDA:310,17,0,0
BRDA:310,17,1,0
BRDA:315,18,0,0
BRDA:315,18,1,0
BRDA:377,19,0,0
BRDA:377,19,1,0
BRF:43
BRH:0
end_of_record
TN:
SF:src/pages/Reports.jsx
FN:7,(anonymous_0)
FN:15,(anonymous_1)
FN:19,(anonymous_2)
FN:31,(anonymous_3)
FN:32,(anonymous_4)
FN:36,(anonymous_5)
FN:58,(anonymous_6)
FN:63,(anonymous_7)
FN:67,(anonymous_8)
FN:99,(anonymous_9)
FN:110,(anonymous_10)
FN:203,(anonymous_11)
FN:248,(anonymous_12)
FN:286,(anonymous_13)
FNF:14
FNH:0
FNDA:0,(anonymous_0)
FNDA:0,(anonymous_1)
FNDA:0,(anonymous_2)
FNDA:0,(anonymous_3)
FNDA:0,(anonymous_4)
FNDA:0,(anonymous_5)
FNDA:0,(anonymous_6)
FNDA:0,(anonymous_7)
FNDA:0,(anonymous_8)
FNDA:0,(anonymous_9)
FNDA:0,(anonymous_10)
FNDA:0,(anonymous_11)
FNDA:0,(anonymous_12)
FNDA:0,(anonymous_13)
DA:7,0
DA:8,0
DA:9,0
DA:10,0
DA:15,0
DA:16,0
DA:19,0
DA:20,0
DA:21,0
DA:22,0
DA:23,0
DA:25,0
DA:27,0
DA:31,0
DA:32,0
DA:36,0
DA:37,0
DA:38,0
DA:42,0
DA:43,0
DA:44,0
DA:48,0
DA:58,0
DA:59,0
DA:60,0
DA:63,0
DA:68,0
DA:74,0
DA:75,0
DA:77,0
DA:78,0
DA:86,0
DA:99,0
DA:110,0
DA:203,0
DA:248,0
DA:287,0
LF:37
LH:0
BRDA:37,0,0,0
BRDA:37,0,1,0
BRDA:37,1,0,0
BRDA:37,1,1,0
BRDA:44,2,0,0
BRDA:44,2,1,0
BRDA:51,3,0,0
BRDA:51,3,1,0
BRDA:52,4,0,0
BRDA:52,4,1,0
BRDA:59,5,0,0
BRDA:59,5,1,0
BRDA:59,6,0,0
BRDA:59,6,1,0
BRDA:67,7,0,0
BRDA:67,7,1,0
BRDA:68,8,0,0
BRDA:68,8,1,0
BRDA:77,9,0,0
BRDA:77,9,1,0
BRDA:139,10,0,0
BRDA:139,10,1,0
BRDA:153,11,0,0
BRDA:153,11,1,0
BRDA:167,12,0,0
BRDA:167,12,1,0
BRDA:167,13,0,0
BRDA:167,13,1,0
BRDA:181,14,0,0
BRDA:181,14,1,0
BRDA:196,15,0,0
BRDA:196,15,1,0
BRDA:241,16,0,0
BRDA:241,16,1,0
BRDA:274,17,0,0
BRDA:274,17,1,0
BRF:36
BRH:0
end_of_record
TN:
SF:src/pages/Settings.jsx
FN:5,(anonymous_0)
FN:34,(anonymous_1)
FN:38,(anonymous_2)
FN:42,(anonymous_3)
FN:48,(anonymous_4)
FN:49,(anonymous_5)
FN:63,(anonymous_6)
FN:68,(anonymous_7)
FN:97,(anonymous_8)
FN:109,(anonymous_9)
FN:121,(anonymous_10)
FN:149,(anonymous_11)
FN:165,(anonymous_12)
FN:181,(anonymous_13)
FN:197,(anonymous_14)
FN:224,(anonymous_15)
FN:239,(anonymous_16)
FN:254,(anonymous_17)
FN:269,(anonymous_18)
FNF:19
FNH:0
FNDA:0,(anonymous_0)
FNDA:0,(anonymous_1)
FNDA:0,(anonymous_2)
FNDA:0,(anonymous_3)
FNDA:0,(anonymous_4)
FNDA:0,(anonymous_5)
FNDA:0,(anonymous_6)
FNDA:0,(anonymous_7)
FNDA:0,(anonymous_8)
FNDA:0,(anonymous_9)
FNDA:0,(anonymous_10)
FNDA:0,(anonymous_11)
FNDA:0,(anonymous_12)
FNDA:0,(anonymous_13)
FNDA:0,(anonymous_14)
FNDA:0,(anonymous_15)
FNDA:0,(anonymous_16)
FNDA:0,(anonymous_17)
FNDA:0,(anonymous_18)
DA:5,0
DA:6,0
DA:7,0
DA:27,0
DA:34,0
DA:35,0
DA:38,0
DA:39,0
DA:42,0
DA:43,0
DA:44,0
DA:48,0
DA:49,0
DA:58,0
DA:64,0
DA:65,0
DA:68,0
DA:97,0
DA:109,0
DA:121,0
DA:149,0
DA:165,0
DA:181,0
DA:197,0
DA:224,0
DA:239,0
DA:254,0
DA:269,0
LF:28
LH:0
BRDA:43,0,0,0
BRDA:43,0,1,0
BRDA:70,1,0,0
BRDA:70,1,1,0
BRDA:85,2,0,0
BRDA:85,2,1,0
BRDA:135,3,0,0
BRDA:135,3,1,0
BRDA:213,4,0,0
BRDA:213,4,1,0
BRDA:287,5,0,0
BRDA:287,5,1,0
BRF:12
BRH:0
end_of_record
TN:
SF:src/services/api.js
FN:18,(anonymous_0)
FN:22,(anonymous_1)
FN:29,(anonymous_2)
FN:30,(anonymous_3)
FN:49,(anonymous_4)
FN:50,(anonymous_5)
FN:51,(anonymous_6)
FN:52,(anonymous_7)
FN:53,(anonymous_8)
FN:58,(anonymous_9)
FN:59,(anonymous_10)
FN:60,(anonymous_11)
FN:61,(anonymous_12)
FN:62,(anonymous_13)
FN:63,(anonymous_14)
FN:68,(anonymous_15)
FN:69,(anonymous_16)
FN:70,(anonymous_17)
FN:71,(anonymous_18)
FN:72,(anonymous_19)
FN:77,(anonymous_20)
FN:88,(anonymous_21)
FN:92,(anonymous_22)
FN:93,(anonymous_23)
FN:94,(anonymous_24)
FN:98,(anonymous_25)
FN:105,(anonymous_26)
FN:113,(anonymous_27)
FNF:28
FNH:0
FNDA:0,(anonymous_0)
FNDA:0,(anonymous_1)
FNDA:0,(anonymous_2)
FNDA:0,(anonymous_3)
FNDA:0,(anonymous_4)
FNDA:0,(anonymous_5)
FNDA:0,(anonymous_6)
FNDA:0,(anonymous_7)
FNDA:0,(anonymous_8)
FNDA:0,(anonymous_9)
FNDA:0,(anonymous_10)
FNDA:0,(anonymous_11)
FNDA:0,(anonymous_12)
FNDA:0,(anonymous_13)
FNDA:0,(anonymous_14)
FNDA:0,(anonymous_15)
FNDA:0,(anonymous_16)
FNDA:0,(anonymous_17)
FNDA:0,(anonymous_18)
FNDA:0,(anonymous_19)
FNDA:0,(anonymous_20)
FNDA:0,(anonymous_21)
FNDA:0,(anonymous_22)
FNDA:0,(anonymous_23)
FNDA:0,(anonymous_24)
FNDA:0,(anonymous_25)
FNDA:0,(anonymous_26)
FNDA:0,(anonymous_27)
DA:5,0
DA:14,0
DA:17,0
DA:19,0
DA:20,0
DA:23,0
DA:28,0
DA:29,0
DA:31,0
DA:33,0
DA:34,0
DA:35,0
DA:36,0
DA:37,0
DA:38,0
DA:40,0
DA:43,0
DA:48,0
DA:49,0
DA:50,0
DA:51,0
DA:52,0
DA:53,0
DA:57,0
DA:58,0
DA:59,0
DA:60,0
DA:61,0
DA:62,0
DA:63,0
DA:67,0
DA:68,0
DA:69,0
DA:70,0
DA:71,0
DA:72,0
DA:76,0
DA:78,0
DA:87,0
DA:88,0
DA:91,0
DA:92,0
DA:93,0
DA:94,0
DA:98,0
DA:99,0
DA:105,0
DA:106,0
DA:113,0
DA:114,0
LF:50
LH:0
BRDA:6,0,0,0
BRDA:6,0,1,0
BRDA:31,1,0,0
BRDA:31,1,1,0
BRDA:31,1,2,0
BRDA:33,2,0,0
BRDA:33,2,1,0
BRDA:35,3,0,0
BRDA:35,3,1,0
BRDA:37,4,0,0
BRDA:37,4,1,0
BRDA:60,5,0,0
BRDA:62,6,0,0
BRDA:63,7,0,0
BRDA:69,8,0,0
BRDA:71,9,0,0
BRDA:72,10,0,0
BRF:17
BRH:0
end_of_record
TN:
SF:src/services/notificationService.js
FN:5,(anonymous_0)
FN:15,(anonymous_1)
FN:45,(anonymous_2)
FN:70,(anonymous_3)
FN:95,(anonymous_4)
FN:104,(anonymous_5)
FN:113,(anonymous_6)
FN:133,(anonymous_7)
FN:146,(anonymous_8)
FN:165,(anonymous_9)
FN:170,(anonymous_10)
FN:180,(anonymous_11)
FN:191,(anonymous_12)
FN:199,(anonymous_13)
FN:209,(anonymous_14)
FN:210,(anonymous_15)
FNF:16
FNH:0
FNDA:0,(anonymous_0)
FNDA:0,(anonymous_1)
FNDA:0,(anonymous_2)
FNDA:0,(anonymous_3)
FNDA:0,(anonymous_4)
FNDA:0,(anonymous_5)
FNDA:0,(anonymous_6)
FNDA:0,(anonymous_7)
FNDA:0,(anonymous_8)
FNDA:0,(anonymous_9)
FNDA:0,(anonymous_10)
FNDA:0,(anonymous_11)
FNDA:0,(anonymous_12)
FNDA:0,(anonymous_13)
FNDA:0,(anonymous_14)
FNDA:0,(anonymous_15)
DA:6,0
DA:7,0
DA:8,0
DA:9,0
DA:16,0
DA:17,0
DA:18,0
DA:21,0
DA:23,0
DA:24,0
DA:27,0
DA:28,0
DA:29,0
DA:30,0
DA:31,0
DA:32,0
DA:35,0
DA:37,0
DA:38,0
DA:46,0
DA:48,0
DA:49,0
DA:52,0
DA:53,0
DA:54,0
DA:57,0
DA:58,0
DA:59,0
DA:60,0
DA:62,0
DA:63,0
DA:71,0
DA:73,0
DA:81,0
DA:83,0
DA:85,0
DA:88,0
DA:96,0
DA:105,0
DA:114,0
DA:134,0
DA:148,0
DA:155,0
DA:166,0
DA:168,0
DA:170,0
DA:171,0
DA:174,0
DA:181,0
DA:182,0
DA:183,0
DA:184,0
DA:192,0
DA:193,0
DA:194,0
DA:195,0
DA:196,0
DA:200,0
DA:201,0
DA:202,0
DA:203,0
DA:210,0
DA:211,0
DA:213,0
DA:218,0
LF:65
LH:0
BRDA:6,0,0,0
BRDA:6,0,1,0
BRDA:16,1,0,0
BRDA:16,1,1,0
BRDA:27,2,0,0
BRDA:27,2,1,0
BRDA:29,3,0,0
BRDA:29,3,1,0
BRDA:31,4,0,0
BRDA:31,4,1,0
BRDA:46,5,0,0
BRDA:46,5,1,0
BRDA:48,6,0,0
BRDA:48,6,1,0
BRDA:52,7,0,0
BRDA:52,7,1,0
BRDA:70,8,0,0
BRDA:71,9,0,0
BRDA:71,9,1,0
BRDA:83,10,0,0
BRDA:83,10,1,0
BRDA:168,11,0,0
BRDA:168,11,1,0
BRDA:182,12,0,0
BRDA:182,12,1,0
BRF:25
BRH:0
end_of_record
TN:
SF:src/utils/validation.js
FN:21,(anonymous_0)
FN:37,(anonymous_1)
FN:50,(anonymous_2)
FN:55,(anonymous_3)
FN:60,(anonymous_4)
FN:65,(anonymous_5)
FN:73,(anonymous_6)
FN:81,(anonymous_7)
FN:81,(anonymous_8)
FN:86,(anonymous_9)
FN:86,(anonymous_10)
FN:91,(anonymous_11)
FN:91,(anonymous_12)
FN:96,(anonymous_13)
FN:101,(anonymous_14)
FN:106,(anonymous_15)
FN:111,(anonymous_16)
FN:111,(anonymous_17)
FN:128,(anonymous_18)
FN:128,(anonymous_19)
FN:137,(anonymous_20)
FN:141,(anonymous_21)
FN:231,(anonymous_22)
FN:239,(anonymous_23)
FN:245,(anonymous_24)
FN:250,(anonymous_25)
FN:261,(anonymous_26)
FN:284,(anonymous_27)
FN:290,(anonymous_28)
FN:302,(anonymous_29)
FN:312,(anonymous_30)
FNF:31
FNH:0
FNDA:0,(anonymous_0)
FNDA:0,(anonymous_1)
FNDA:0,(anonymous_2)
FNDA:0,(anonymous_3)
FNDA:0,(anonymous_4)
FNDA:0,(anonymous_5)
FNDA:0,(anonymous_6)
FNDA:0,(anonymous_7)
FNDA:0,(anonymous_8)
FNDA:0,(anonymous_9)
FNDA:0,(anonymous_10)
FNDA:0,(anonymous_11)
FNDA:0,(anonymous_12)
FNDA:0,(anonymous_13)
FNDA:0,(anonymous_14)
FNDA:0,(anonymous_15)
FNDA:0,(anonymous_16)
FNDA:0,(anonymous_17)
FNDA:0,(anonymous_18)
FNDA:0,(anonymous_19)
FNDA:0,(anonymous_20)
FNDA:0,(anonymous_21)
FNDA:0,(anonymous_22)
FNDA:0,(anonymous_23)
FNDA:0,(anonymous_24)
FNDA:0,(anonymous_25)
FNDA:0,(anonymous_26)
FNDA:0,(anonymous_27)
FNDA:0,(anonymous_28)
FNDA:0,(anonymous_29)
FNDA:0,(anonymous_30)
DA:8,0
DA:21,0
DA:22,0
DA:25,0
DA:31,0
DA:37,0
DA:38,0
DA:40,0
DA:49,0
DA:50,0
DA:55,0
DA:60,0
DA:66,0
DA:67,0
DA:74,0
DA:75,0
DA:81,0
DA:86,0
DA:91,0
DA:96,0
DA:101,0
DA:106,0
DA:111,0
DA:112,0
DA:114,0
DA:115,0
DA:116,0
DA:118,0
DA:119,0
DA:120,0
DA:122,0
DA:128,0
DA:137,0
DA:138,0
DA:139,0
DA:141,0
DA:142,0
DA:143,0
DA:145,0
DA:146,0
DA:147,0
DA:148,0
DA:149,0
DA:150,0
DA:155,0
DA:161,0
DA:230,0
DA:231,0
DA:239,0
DA:245,0
DA:250,0
DA:261,0
DA:263,0
DA:266,0
DA:267,0
DA:268,0
DA:271,0
DA:273,0
DA:285,0
DA:286,0
DA:287,0
DA:291,0
DA:292,0
DA:295,0
DA:296,0
DA:299,0
DA:303,0
DA:304,0
DA:306,0
DA:307,0
DA:309,0
DA:313,0
DA:314,0
DA:315,0
DA:318,0
DA:319,0
DA:323,0
LF:77
LH:0
BRDA:22,0,0,0
BRDA:22,0,1,0
BRDA:38,1,0,0
BRDA:38,1,1,0
BRDA:51,2,0,0
BRDA:51,2,1,0
BRDA:51,2,2,0
BRDA:56,3,0,0
BRDA:56,3,1,0
BRDA:61,4,0,0
BRDA:61,4,1,0
BRDA:68,5,0,0
BRDA:68,5,1,0
BRDA:68,5,2,0
BRDA:76,6,0,0
BRDA:76,6,1,0
BRDA:76,6,2,0
BRDA:82,7,0,0
BRDA:82,7,1,0
BRDA:87,8,0,0
BRDA:87,8,1,0
BRDA:92,9,0,0
BRDA:92,9,1,0
BRDA:97,10,0,0
BRDA:97,10,1,0
BRDA:102,11,0,0
BRDA:102,11,1,0
BRDA:107,12,0,0
BRDA:107,12,1,0
BRDA:112,13,0,0
BRDA:112,13,1,0
BRDA:115,14,0,0
BRDA:115,14,1,0
BRDA:116,15,0,0
BRDA:116,15,1,0
BRDA:119,16,0,0
BRDA:119,16,1,0
BRDA:119,17,0,0
BRDA:119,17,1,0
BRDA:120,18,0,0
BRDA:120,18,1,0
BRDA:120,19,0,0
BRDA:120,19,1,0
BRDA:143,20,0,0
BRDA:143,20,1,0
BRDA:147,21,0,0
BRDA:147,21,1,0
BRDA:233,22,0,0
BRDA:233,22,1,0
BRDA:234,23,0,0
BRDA:234,23,1,0
BRDA:235,24,0,0
BRDA:235,24,1,0
BRDA:241,25,0,0
BRDA:241,25,1,0
BRDA:242,26,0,0
BRDA:242,26,1,0
BRDA:263,27,0,0
BRDA:263,27,1,0
BRDA:267,28,0,0
BRDA:267,28,1,0
BRDA:292,29,0,0
BRDA:292,29,1,0
BRDA:295,30,0,0
BRDA:295,30,1,0
BRDA:304,31,0,0
BRDA:304,31,1,0
BRDA:314,32,0,0
BRDA:314,32,1,0
BRDA:314,33,0,0
BRDA:314,33,1,0
BRF:71
BRH:0
end_of_record
